# JRE version: OpenJDK Runtime Environment (8.0_242-b01) (build 1.8.0_242-release-1644-b01)
# Java VM: OpenJDK 64-Bit Server VM (25.242-b01 mixed mode windows-amd64 compressed oops)
Heap:
 PSYoungGen      total 82944K, used 45146K [0x00000000d5580000, 0x00000000db900000, 0x0000000100000000)
  eden space 78336K, 52% used [0x00000000d5580000,0x00000000d7d7cae8,0x00000000da200000)
  from space 4608K, 91% used [0x00000000db480000,0x00000000db899d18,0x00000000db900000)
  to   space 10752K, 0% used [0x00000000da400000,0x00000000da400000,0x00000000dae80000)
 ParOldGen       total 32256K, used 14562K [0x0000000080000000, 0x0000000081f80000, 0x00000000d5580000)
  object space 32256K, 45% used [0x0000000080000000,0x0000000080e389e0,0x0000000081f80000)
 Metaspace       used 39127K, capacity 40776K, committed 41176K, reserved 1085440K
  class space    used 5390K, capacity 5764K, committed 5888K, reserved 1048576K
GC Heap History (10 events):
Event: 4.992 GC heap before
{Heap before GC invocations=10 (full 1):
 PSYoungGen      total 69632K, used 64000K [0x00000000d5580000, 0x00000000da380000, 0x0000000100000000)
  eden space 64000K, 100% used [0x00000000d5580000,0x00000000d9400000,0x00000000d9400000)
  from space 5632K, 0% used [0x00000000d9b00000,0x00000000d9b00000,0x00000000da080000)
  to   space 7168K, 0% used [0x00000000d9400000,0x00000000d9400000,0x00000000d9b00000)
 ParOldGen       total 32256K, used 7156K [0x0000000080000000, 0x0000000081f80000, 0x00000000d5580000)
  object space 32256K, 22% used [0x0000000080000000,0x00000000806fd1d0,0x0000000081f80000)
 Metaspace       used 28454K, capacity 29304K, committed 29568K, reserved 1075200K
  class space    used 3934K, capacity 4186K, committed 4224K, reserved 1048576K
Event: 5.000 GC heap after
Heap after GC invocations=10 (full 1):
 PSYoungGen      total 71168K, used 7162K [0x00000000d5580000, 0x00000000da380000, 0x0000000100000000)
  eden space 64000K, 0% used [0x00000000d5580000,0x00000000d5580000,0x00000000d9400000)
  from space 7168K, 99% used [0x00000000d9400000,0x00000000d9afeba0,0x00000000d9b00000)
  to   space 5632K, 0% used [0x00000000d9b00000,0x00000000d9b00000,0x00000000da080000)
 ParOldGen       total 32256K, used 8064K [0x0000000080000000, 0x0000000081f80000, 0x00000000d5580000)
  object space 32256K, 25% used [0x0000000080000000,0x00000000807e03e0,0x0000000081f80000)
 Metaspace       used 28454K, capacity 29304K, committed 29568K, reserved 1075200K
  class space    used 3934K, capacity 4186K, committed 4224K, reserved 1048576K
}
Event: 5.763 GC heap before
{Heap before GC invocations=11 (full 1):
 PSYoungGen      total 71168K, used 71162K [0x00000000d5580000, 0x00000000da380000, 0x0000000100000000)
  eden space 64000K, 100% used [0x00000000d5580000,0x00000000d9400000,0x00000000d9400000)
  from space 7168K, 99% used [0x00000000d9400000,0x00000000d9afeba0,0x00000000d9b00000)
  to   space 5632K, 0% used [0x00000000d9b00000,0x00000000d9b00000,0x00000000da080000)
 ParOldGen       total 32256K, used 8064K [0x0000000080000000, 0x0000000081f80000, 0x00000000d5580000)
  object space 32256K, 25% used [0x0000000080000000,0x00000000807e03e0,0x0000000081f80000)
 Metaspace       used 32717K, capacity 33700K, committed 33920K, reserved 1079296K
  class space    used 4460K, capacity 4718K, committed 4736K, reserved 1048576K
Event: 5.776 GC heap after
Heap after GC invocations=11 (full 1):
 PSYoungGen      total 65536K, used 5632K [0x00000000d5580000, 0x00000000dc280000, 0x0000000100000000)
  eden space 59904K, 0% used [0x00000000d5580000,0x00000000d5580000,0x00000000d9000000)
  from space 5632K, 100% used [0x00000000d9b00000,0x00000000da080000,0x00000000da080000)
  to   space 11264K, 0% used [0x00000000d9000000,0x00000000d9000000,0x00000000d9b00000)
 ParOldGen       total 32256K, used 11538K [0x0000000080000000, 0x0000000081f80000, 0x00000000d5580000)
  object space 32256K, 35% used [0x0000000080000000,0x0000000080b44b68,0x0000000081f80000)
 Metaspace       used 32717K, capacity 33700K, committed 33920K, reserved 1079296K
  class space    used 4460K, capacity 4718K, committed 4736K, reserved 1048576K
}
Event: 6.112 GC heap before
{Heap before GC invocations=12 (full 1):
 PSYoungGen      total 65536K, used 34752K [0x00000000d5580000, 0x00000000dc280000, 0x0000000100000000)
  eden space 59904K, 48% used [0x00000000d5580000,0x00000000d71f03d0,0x00000000d9000000)
  from space 5632K, 100% used [0x00000000d9b00000,0x00000000da080000,0x00000000da080000)
  to   space 11264K, 0% used [0x00000000d9000000,0x00000000d9000000,0x00000000d9b00000)
 ParOldGen       total 32256K, used 11538K [0x0000000080000000, 0x0000000081f80000, 0x00000000d5580000)
  object space 32256K, 35% used [0x0000000080000000,0x0000000080b44b68,0x0000000081f80000)
 Metaspace       used 34217K, capacity 35316K, committed 35416K, reserved 1079296K
  class space    used 4706K, capacity 4969K, committed 4992K, reserved 1048576K
Event: 6.130 GC heap after
Heap after GC invocations=12 (full 1):
 PSYoungGen      total 71168K, used 2089K [0x00000000d5580000, 0x00000000dbf80000, 0x0000000100000000)
  eden space 59904K, 0% used [0x00000000d5580000,0x00000000d5580000,0x00000000d9000000)
  from space 11264K, 18% used [0x00000000d9000000,0x00000000d920a7d8,0x00000000d9b00000)
  to   space 11264K, 0% used [0x00000000db480000,0x00000000db480000,0x00000000dbf80000)
 ParOldGen       total 32256K, used 17047K [0x0000000080000000, 0x0000000081f80000, 0x00000000d5580000)
  object space 32256K, 52% used [0x0000000080000000,0x00000000810a5d70,0x0000000081f80000)
 Metaspace       used 34217K, capacity 35316K, committed 35416K, reserved 1079296K
  class space    used 4706K, capacity 4969K, committed 4992K, reserved 1048576K
}
Event: 6.130 GC heap before
{Heap before GC invocations=13 (full 2):
 PSYoungGen      total 71168K, used 2089K [0x00000000d5580000, 0x00000000dbf80000, 0x0000000100000000)
  eden space 59904K, 0% used [0x00000000d5580000,0x00000000d5580000,0x00000000d9000000)
  from space 11264K, 18% used [0x00000000d9000000,0x00000000d920a7d8,0x00000000d9b00000)
  to   space 11264K, 0% used [0x00000000db480000,0x00000000db480000,0x00000000dbf80000)
 ParOldGen       total 32256K, used 17047K [0x0000000080000000, 0x0000000081f80000, 0x00000000d5580000)
  object space 32256K, 52% used [0x0000000080000000,0x00000000810a5d70,0x0000000081f80000)
 Metaspace       used 34217K, capacity 35316K, committed 35416K, reserved 1079296K
  class space    used 4706K, capacity 4969K, committed 4992K, reserved 1048576K
Event: 6.201 GC heap after
Heap after GC invocations=13 (full 2):
 PSYoungGen      total 71168K, used 0K [0x00000000d5580000, 0x00000000dbf80000, 0x0000000100000000)
  eden space 59904K, 0% used [0x00000000d5580000,0x00000000d5580000,0x00000000d9000000)
  from space 11264K, 0% used [0x00000000d9000000,0x00000000d9000000,0x00000000d9b00000)
  to   space 11264K, 0% used [0x00000000db480000,0x00000000db480000,0x00000000dbf80000)
 ParOldGen       total 32256K, used 14554K [0x0000000080000000, 0x0000000081f80000, 0x00000000d5580000)
  object space 32256K, 45% used [0x0000000080000000,0x0000000080e369e0,0x0000000081f80000)
 Metaspace       used 34217K, capacity 35316K, committed 35416K, reserved 1079296K
  class space    used 4706K, capacity 4969K, committed 4992K, reserved 1048576K
}
Event: 6.877 GC heap before
{Heap before GC invocations=14 (full 2):
 PSYoungGen      total 71168K, used 59904K [0x00000000d5580000, 0x00000000dbf80000, 0x0000000100000000)
  eden space 59904K, 100% used [0x00000000d5580000,0x00000000d9000000,0x00000000d9000000)
  from space 11264K, 0% used [0x00000000d9000000,0x00000000d9000000,0x00000000d9b00000)
  to   space 11264K, 0% used [0x00000000db480000,0x00000000db480000,0x00000000dbf80000)
 ParOldGen       total 32256K, used 14554K [0x0000000080000000, 0x0000000081f80000, 0x00000000d5580000)
  object space 32256K, 45% used [0x0000000080000000,0x0000000080e369e0,0x0000000081f80000)
 Metaspace       used 36252K, capacity 37664K, committed 37848K, reserved 1081344K
  class space    used 4974K, capacity 5251K, committed 5376K, reserved 1048576K
Event: 6.885 GC heap after
Heap after GC invocations=14 (full 2):
 PSYoungGen      total 82944K, used 4199K [0x00000000d5580000, 0x00000000db900000, 0x0000000100000000)
  eden space 78336K, 0% used [0x00000000d5580000,0x00000000d5580000,0x00000000da200000)
  from space 4608K, 91% used [0x00000000db480000,0x00000000db899d18,0x00000000db900000)
  to   space 10752K, 0% used [0x00000000da400000,0x00000000da400000,0x00000000dae80000)
 ParOldGen       total 32256K, used 14562K [0x0000000080000000, 0x0000000081f80000, 0x00000000d5580000)
  object space 32256K, 45% used [0x0000000080000000,0x0000000080e389e0,0x0000000081f80000)
 Metaspace       used 36252K, capacity 37664K, committed 37848K, reserved 1081344K
  class space    used 4974K, capacity 5251K, committed 5376K, reserved 1048576K
}

