# JRE version: OpenJDK Runtime Environment (8.0_242-b01) (build 1.8.0_242-release-1644-b01)
# Java VM: OpenJDK 64-Bit Server VM (25.242-b01 mixed mode windows-amd64 compressed oops)
Heap:
 PSYoungGen      total 189440K, used 18486K [0x00000000d5580000, 0x00000000e2000000, 0x0000000100000000)
  eden space 176640K, 3% used [0x00000000d5580000,0x00000000d5b11bd8,0x00000000e0200000)
  from space 12800K, 99% used [0x00000000e0200000,0x00000000e0e7be88,0x00000000e0e80000)
  to   space 12288K, 0% used [0x00000000e0e80000,0x00000000e0e80000,0x00000000e1a80000)
 ParOldGen       total 51712K, used 15632K [0x0000000080000000, 0x0000000083280000, 0x00000000d5580000)
  object space 51712K, 30% used [0x0000000080000000,0x0000000080f44228,0x0000000083280000)
 Metaspace       used 44543K, capacity 46362K, committed 46632K, reserved 1089536K
  class space    used 6046K, capacity 6413K, committed 6448K, reserved 1048576K
GC Heap History (10 events):
Event: 4.047 GC heap before
{Heap before GC invocations=9 (full 1):
 PSYoungGen      total 136704K, used 4422K [0x00000000d5580000, 0x00000000de480000, 0x0000000100000000)
  eden space 128000K, 0% used [0x00000000d5580000,0x00000000d5580000,0x00000000dd280000)
  from space 8704K, 50% used [0x00000000ddc00000,0x00000000de051898,0x00000000de480000)
  to   space 9216K, 0% used [0x00000000dd280000,0x00000000dd280000,0x00000000ddb80000)
 ParOldGen       total 44032K, used 8499K [0x0000000080000000, 0x0000000082b00000, 0x00000000d5580000)
  object space 44032K, 19% used [0x0000000080000000,0x000000008084ce90,0x0000000082b00000)
 Metaspace       used 20603K, capacity 21224K, committed 21296K, reserved 1067008K
  class space    used 2877K, capacity 3076K, committed 3120K, reserved 1048576K
Event: 4.095 GC heap after
Heap after GC invocations=9 (full 1):
 PSYoungGen      total 136704K, used 0K [0x00000000d5580000, 0x00000000de480000, 0x0000000100000000)
  eden space 128000K, 0% used [0x00000000d5580000,0x00000000d5580000,0x00000000dd280000)
  from space 8704K, 0% used [0x00000000ddc00000,0x00000000ddc00000,0x00000000de480000)
  to   space 9216K, 0% used [0x00000000dd280000,0x00000000dd280000,0x00000000ddb80000)
 ParOldGen       total 32768K, used 7317K [0x0000000080000000, 0x0000000082000000, 0x00000000d5580000)
  object space 32768K, 22% used [0x0000000080000000,0x0000000080725468,0x0000000082000000)
 Metaspace       used 20603K, capacity 21224K, committed 21296K, reserved 1067008K
  class space    used 2877K, capacity 3076K, committed 3120K, reserved 1048576K
}
Event: 5.942 GC heap before
{Heap before GC invocations=10 (full 1):
 PSYoungGen      total 136704K, used 128000K [0x00000000d5580000, 0x00000000de480000, 0x0000000100000000)
  eden space 128000K, 100% used [0x00000000d5580000,0x00000000dd280000,0x00000000dd280000)
  from space 8704K, 0% used [0x00000000ddc00000,0x00000000ddc00000,0x00000000de480000)
  to   space 9216K, 0% used [0x00000000dd280000,0x00000000dd280000,0x00000000ddb80000)
 ParOldGen       total 32768K, used 7317K [0x0000000080000000, 0x0000000082000000, 0x00000000d5580000)
  object space 32768K, 22% used [0x0000000080000000,0x0000000080725468,0x0000000082000000)
 Metaspace       used 32744K, capacity 33796K, committed 33968K, reserved 1079296K
  class space    used 4464K, capacity 4750K, committed 4784K, reserved 1048576K
Event: 5.960 GC heap after
Heap after GC invocations=10 (full 1):
 PSYoungGen      total 137216K, used 9189K [0x00000000d5580000, 0x00000000e1a80000, 0x0000000100000000)
  eden space 128000K, 0% used [0x00000000d5580000,0x00000000d5580000,0x00000000dd280000)
  from space 9216K, 99% used [0x00000000dd280000,0x00000000ddb79468,0x00000000ddb80000)
  to   space 12288K, 0% used [0x00000000e0e80000,0x00000000e0e80000,0x00000000e1a80000)
 ParOldGen       total 32768K, used 11956K [0x0000000080000000, 0x0000000082000000, 0x00000000d5580000)
  object space 32768K, 36% used [0x0000000080000000,0x0000000080bad3b0,0x0000000082000000)
 Metaspace       used 32744K, capacity 33796K, committed 33968K, reserved 1079296K
  class space    used 4464K, capacity 4750K, committed 4784K, reserved 1048576K
}
Event: 6.308 GC heap before
{Heap before GC invocations=11 (full 1):
 PSYoungGen      total 137216K, used 40483K [0x00000000d5580000, 0x00000000e1a80000, 0x0000000100000000)
  eden space 128000K, 24% used [0x00000000d5580000,0x00000000d740f8b0,0x00000000dd280000)
  from space 9216K, 99% used [0x00000000dd280000,0x00000000ddb79468,0x00000000ddb80000)
  to   space 12288K, 0% used [0x00000000e0e80000,0x00000000e0e80000,0x00000000e1a80000)
 ParOldGen       total 32768K, used 11956K [0x0000000080000000, 0x0000000082000000, 0x00000000d5580000)
  object space 32768K, 36% used [0x0000000080000000,0x0000000080bad3b0,0x0000000082000000)
 Metaspace       used 34268K, capacity 35412K, committed 35496K, reserved 1079296K
  class space    used 4708K, capacity 5001K, committed 5040K, reserved 1048576K
Event: 6.324 GC heap after
Heap after GC invocations=11 (full 1):
 PSYoungGen      total 188928K, used 8079K [0x00000000d5580000, 0x00000000e2000000, 0x0000000100000000)
  eden space 176640K, 0% used [0x00000000d5580000,0x00000000d5580000,0x00000000e0200000)
  from space 12288K, 65% used [0x00000000e0e80000,0x00000000e1663f90,0x00000000e1a80000)
  to   space 12800K, 0% used [0x00000000e0200000,0x00000000e0200000,0x00000000e0e80000)
 ParOldGen       total 32768K, used 11964K [0x0000000080000000, 0x0000000082000000, 0x00000000d5580000)
  object space 32768K, 36% used [0x0000000080000000,0x0000000080baf3b0,0x0000000082000000)
 Metaspace       used 34268K, capacity 35412K, committed 35496K, reserved 1079296K
  class space    used 4708K, capacity 5001K, committed 5040K, reserved 1048576K
}
Event: 6.324 GC heap before
{Heap before GC invocations=12 (full 2):
 PSYoungGen      total 188928K, used 8079K [0x00000000d5580000, 0x00000000e2000000, 0x0000000100000000)
  eden space 176640K, 0% used [0x00000000d5580000,0x00000000d5580000,0x00000000e0200000)
  from space 12288K, 65% used [0x00000000e0e80000,0x00000000e1663f90,0x00000000e1a80000)
  to   space 12800K, 0% used [0x00000000e0200000,0x00000000e0200000,0x00000000e0e80000)
 ParOldGen       total 32768K, used 11964K [0x0000000080000000, 0x0000000082000000, 0x00000000d5580000)
  object space 32768K, 36% used [0x0000000080000000,0x0000000080baf3b0,0x0000000082000000)
 Metaspace       used 34268K, capacity 35412K, committed 35496K, reserved 1079296K
  class space    used 4708K, capacity 5001K, committed 5040K, reserved 1048576K
Event: 6.399 GC heap after
Heap after GC invocations=12 (full 2):
 PSYoungGen      total 188928K, used 0K [0x00000000d5580000, 0x00000000e2000000, 0x0000000100000000)
  eden space 176640K, 0% used [0x00000000d5580000,0x00000000d5580000,0x00000000e0200000)
  from space 12288K, 0% used [0x00000000e0e80000,0x00000000e0e80000,0x00000000e1a80000)
  to   space 12800K, 0% used [0x00000000e0200000,0x00000000e0200000,0x00000000e0e80000)
 ParOldGen       total 51712K, used 14627K [0x0000000080000000, 0x0000000083280000, 0x00000000d5580000)
  object space 51712K, 28% used [0x0000000080000000,0x0000000080e48d18,0x0000000083280000)
 Metaspace       used 34268K, capacity 35412K, committed 35496K, reserved 1079296K
  class space    used 4708K, capacity 5001K, committed 5040K, reserved 1048576K
}
Event: 8.368 GC heap before
{Heap before GC invocations=13 (full 2):
 PSYoungGen      total 188928K, used 176640K [0x00000000d5580000, 0x00000000e2000000, 0x0000000100000000)
  eden space 176640K, 100% used [0x00000000d5580000,0x00000000e0200000,0x00000000e0200000)
  from space 12288K, 0% used [0x00000000e0e80000,0x00000000e0e80000,0x00000000e1a80000)
  to   space 12800K, 0% used [0x00000000e0200000,0x00000000e0200000,0x00000000e0e80000)
 ParOldGen       total 51712K, used 14627K [0x0000000080000000, 0x0000000083280000, 0x00000000d5580000)
  object space 51712K, 28% used [0x0000000080000000,0x0000000080e48d18,0x0000000083280000)
 Metaspace       used 44167K, capacity 45988K, committed 46376K, reserved 1089536K
  class space    used 5986K, capacity 6376K, committed 6448K, reserved 1048576K
Event: 8.394 GC heap after
Heap after GC invocations=13 (full 2):
 PSYoungGen      total 189440K, used 12783K [0x00000000d5580000, 0x00000000e2000000, 0x0000000100000000)
  eden space 176640K, 0% used [0x00000000d5580000,0x00000000d5580000,0x00000000e0200000)
  from space 12800K, 99% used [0x00000000e0200000,0x00000000e0e7be88,0x00000000e0e80000)
  to   space 12288K, 0% used [0x00000000e0e80000,0x00000000e0e80000,0x00000000e1a80000)
 ParOldGen       total 51712K, used 15632K [0x0000000080000000, 0x0000000083280000, 0x00000000d5580000)
  object space 51712K, 30% used [0x0000000080000000,0x0000000080f44228,0x0000000083280000)
 Metaspace       used 44167K, capacity 45988K, committed 46376K, reserved 1089536K
  class space    used 5986K, capacity 6376K, committed 6448K, reserved 1048576K
}

