# JRE version: OpenJDK Runtime Environment (8.0_242-b01) (build 1.8.0_242-release-1644-b01)
# Java VM: OpenJDK 64-Bit Server VM (25.242-b01 mixed mode windows-amd64 compressed oops)
Heap:
 PSYoungGen      total 313344K, used 268210K [0x00000000d5580000, 0x00000000ed100000, 0x0000000100000000)
  eden space 287744K, 84% used [0x00000000d5580000,0x00000000e426dff8,0x00000000e6e80000)
  from space 25600K, 99% used [0x00000000e9780000,0x00000000eb07e948,0x00000000eb080000)
  to   space 41984K, 0% used [0x00000000e6e80000,0x00000000e6e80000,0x00000000e9780000)
 ParOldGen       total 94720K, used 69871K [0x0000000080000000, 0x0000000085c80000, 0x00000000d5580000)
  object space 94720K, 73% used [0x0000000080000000,0x000000008443bf98,0x0000000085c80000)
 Metaspace       used 79479K, capacity 83884K, committed 83992K, reserved 1122304K
  class space    used 10983K, capacity 11815K, committed 11824K, reserved 1048576K
GC Heap History (10 events):
Event: 8.502 GC heap before
{Heap before GC invocations=11 (full 2):
 PSYoungGen      total 209408K, used 195584K [0x00000000d5580000, 0x00000000e4180000, 0x0000000100000000)
  eden space 195584K, 100% used [0x00000000d5580000,0x00000000e1480000,0x00000000e1480000)
  from space 13824K, 0% used [0x00000000e2200000,0x00000000e2200000,0x00000000e2f80000)
  to   space 13824K, 0% used [0x00000000e1480000,0x00000000e1480000,0x00000000e2200000)
 ParOldGen       total 57856K, used 14569K [0x0000000080000000, 0x0000000083880000, 0x00000000d5580000)
  object space 57856K, 25% used [0x0000000080000000,0x0000000080e3a778,0x0000000083880000)
 Metaspace       used 45706K, capacity 47508K, committed 47784K, reserved 1091584K
  class space    used 6179K, capacity 6514K, committed 6576K, reserved 1048576K
Event: 8.538 GC heap after
Heap after GC invocations=11 (full 2):
 PSYoungGen      total 209408K, used 13795K [0x00000000d5580000, 0x00000000e6c00000, 0x0000000100000000)
  eden space 195584K, 0% used [0x00000000d5580000,0x00000000d5580000,0x00000000e1480000)
  from space 13824K, 99% used [0x00000000e1480000,0x00000000e21f8c70,0x00000000e2200000)
  to   space 17408K, 0% used [0x00000000e5b00000,0x00000000e5b00000,0x00000000e6c00000)
 ParOldGen       total 57856K, used 17893K [0x0000000080000000, 0x0000000083880000, 0x00000000d5580000)
  object space 57856K, 30% used [0x0000000080000000,0x0000000081179758,0x0000000083880000)
 Metaspace       used 45706K, capacity 47508K, committed 47784K, reserved 1091584K
  class space    used 6179K, capacity 6514K, committed 6576K, reserved 1048576K
}
Event: 10.331 GC heap before
{Heap before GC invocations=12 (full 2):
 PSYoungGen      total 209408K, used 142583K [0x00000000d5580000, 0x00000000e6c00000, 0x0000000100000000)
  eden space 195584K, 65% used [0x00000000d5580000,0x00000000dd3452b8,0x00000000e1480000)
  from space 13824K, 99% used [0x00000000e1480000,0x00000000e21f8c70,0x00000000e2200000)
  to   space 17408K, 0% used [0x00000000e5b00000,0x00000000e5b00000,0x00000000e6c00000)
 ParOldGen       total 57856K, used 17893K [0x0000000080000000, 0x0000000083880000, 0x00000000d5580000)
  object space 57856K, 30% used [0x0000000080000000,0x0000000081179758,0x0000000083880000)
 Metaspace       used 56819K, capacity 59136K, committed 59160K, reserved 1099776K
  class space    used 7768K, capacity 8237K, committed 8240K, reserved 1048576K
Event: 10.388 GC heap after
Heap after GC invocations=12 (full 2):
 PSYoungGen      total 262656K, used 17397K [0x00000000d5580000, 0x00000000e7780000, 0x0000000100000000)
  eden space 245248K, 0% used [0x00000000d5580000,0x00000000d5580000,0x00000000e4500000)
  from space 17408K, 99% used [0x00000000e5b00000,0x00000000e6bfd470,0x00000000e6c00000)
  to   space 22528K, 0% used [0x00000000e4500000,0x00000000e4500000,0x00000000e5b00000)
 ParOldGen       total 57856K, used 25230K [0x0000000080000000, 0x0000000083880000, 0x00000000d5580000)
  object space 57856K, 43% used [0x0000000080000000,0x00000000818a3ac0,0x0000000083880000)
 Metaspace       used 56819K, capacity 59136K, committed 59160K, reserved 1099776K
  class space    used 7768K, capacity 8237K, committed 8240K, reserved 1048576K
}
Event: 10.388 GC heap before
{Heap before GC invocations=13 (full 3):
 PSYoungGen      total 262656K, used 17397K [0x00000000d5580000, 0x00000000e7780000, 0x0000000100000000)
  eden space 245248K, 0% used [0x00000000d5580000,0x00000000d5580000,0x00000000e4500000)
  from space 17408K, 99% used [0x00000000e5b00000,0x00000000e6bfd470,0x00000000e6c00000)
  to   space 22528K, 0% used [0x00000000e4500000,0x00000000e4500000,0x00000000e5b00000)
 ParOldGen       total 57856K, used 25230K [0x0000000080000000, 0x0000000083880000, 0x00000000d5580000)
  object space 57856K, 43% used [0x0000000080000000,0x00000000818a3ac0,0x0000000083880000)
 Metaspace       used 56819K, capacity 59136K, committed 59160K, reserved 1099776K
  class space    used 7768K, capacity 8237K, committed 8240K, reserved 1048576K
Event: 10.631 GC heap after
Heap after GC invocations=13 (full 3):
 PSYoungGen      total 262656K, used 0K [0x00000000d5580000, 0x00000000e7780000, 0x0000000100000000)
  eden space 245248K, 0% used [0x00000000d5580000,0x00000000d5580000,0x00000000e4500000)
  from space 17408K, 0% used [0x00000000e5b00000,0x00000000e5b00000,0x00000000e6c00000)
  to   space 22528K, 0% used [0x00000000e4500000,0x00000000e4500000,0x00000000e5b00000)
 ParOldGen       total 94720K, used 36586K [0x0000000080000000, 0x0000000085c80000, 0x00000000d5580000)
  object space 94720K, 38% used [0x0000000080000000,0x00000000823ba878,0x0000000085c80000)
 Metaspace       used 56798K, capacity 59064K, committed 59160K, reserved 1099776K
  class space    used 7762K, capacity 8225K, committed 8240K, reserved 1048576K
}
Event: 14.640 GC heap before
{Heap before GC invocations=14 (full 3):
 PSYoungGen      total 262656K, used 245248K [0x00000000d5580000, 0x00000000e7780000, 0x0000000100000000)
  eden space 245248K, 100% used [0x00000000d5580000,0x00000000e4500000,0x00000000e4500000)
  from space 17408K, 0% used [0x00000000e5b00000,0x00000000e5b00000,0x00000000e6c00000)
  to   space 22528K, 0% used [0x00000000e4500000,0x00000000e4500000,0x00000000e5b00000)
 ParOldGen       total 94720K, used 36586K [0x0000000080000000, 0x0000000085c80000, 0x00000000d5580000)
  object space 94720K, 38% used [0x0000000080000000,0x00000000823ba878,0x0000000085c80000)
 Metaspace       used 64568K, capacity 67690K, committed 67864K, reserved 1107968K
  class space    used 8862K, capacity 9470K, committed 9520K, reserved 1048576K
Event: 14.740 GC heap after
Heap after GC invocations=14 (full 3):
 PSYoungGen      total 267776K, used 21057K [0x00000000d5580000, 0x00000000eb080000, 0x0000000100000000)
  eden space 245248K, 0% used [0x00000000d5580000,0x00000000d5580000,0x00000000e4500000)
  from space 22528K, 93% used [0x00000000e4500000,0x00000000e59905b8,0x00000000e5b00000)
  to   space 25600K, 0% used [0x00000000e9780000,0x00000000e9780000,0x00000000eb080000)
 ParOldGen       total 94720K, used 36594K [0x0000000080000000, 0x0000000085c80000, 0x00000000d5580000)
  object space 94720K, 38% used [0x0000000080000000,0x00000000823bc878,0x0000000085c80000)
 Metaspace       used 64568K, capacity 67690K, committed 67864K, reserved 1107968K
  class space    used 8862K, capacity 9470K, committed 9520K, reserved 1048576K
}
Event: 17.342 GC heap before
{Heap before GC invocations=15 (full 3):
 PSYoungGen      total 267776K, used 266305K [0x00000000d5580000, 0x00000000eb080000, 0x0000000100000000)
  eden space 245248K, 100% used [0x00000000d5580000,0x00000000e4500000,0x00000000e4500000)
  from space 22528K, 93% used [0x00000000e4500000,0x00000000e59905b8,0x00000000e5b00000)
  to   space 25600K, 0% used [0x00000000e9780000,0x00000000e9780000,0x00000000eb080000)
 ParOldGen       total 94720K, used 36594K [0x0000000080000000, 0x0000000085c80000, 0x00000000d5580000)
  object space 94720K, 38% used [0x0000000080000000,0x00000000823bc878,0x0000000085c80000)
 Metaspace       used 74450K, capacity 78752K, committed 78872K, reserved 1116160K
  class space    used 10411K, capacity 11227K, committed 11312K, reserved 1048576K
Event: 17.418 GC heap after
Heap after GC invocations=15 (full 3):
 PSYoungGen      total 313344K, used 25594K [0x00000000d5580000, 0x00000000ed100000, 0x0000000100000000)
  eden space 287744K, 0% used [0x00000000d5580000,0x00000000d5580000,0x00000000e6e80000)
  from space 25600K, 99% used [0x00000000e9780000,0x00000000eb07e948,0x00000000eb080000)
  to   space 41984K, 0% used [0x00000000e6e80000,0x00000000e6e80000,0x00000000e9780000)
 ParOldGen       total 94720K, used 69871K [0x0000000080000000, 0x0000000085c80000, 0x00000000d5580000)
  object space 94720K, 73% used [0x0000000080000000,0x000000008443bf98,0x0000000085c80000)
 Metaspace       used 74450K, capacity 78752K, committed 78872K, reserved 1116160K
  class space    used 10411K, capacity 11227K, committed 11312K, reserved 1048576K
}

