# JRE version: OpenJDK Runtime Environment (8.0_242-b01) (build 1.8.0_242-release-1644-b01)
# Java VM: OpenJDK 64-Bit Server VM (25.242-b01 mixed mode windows-amd64 compressed oops)
Heap:
 PSYoungGen      total 259072K, used 70481K [0x00000000d5580000, 0x00000000e7500000, 0x0000000100000000)
  eden space 242176K, 29% used [0x00000000d5580000,0x00000000d9a54538,0x00000000e4200000)
  from space 16896K, 0% used [0x00000000e5800000,0x00000000e5800000,0x00000000e6880000)
  to   space 22528K, 0% used [0x00000000e4200000,0x00000000e4200000,0x00000000e5800000)
 ParOldGen       total 96256K, used 36641K [0x0000000080000000, 0x0000000085e00000, 0x00000000d5580000)
  object space 96256K, 38% used [0x0000000080000000,0x00000000823c86b0,0x0000000085e00000)
 Metaspace       used 61192K, capacity 63706K, committed 63768K, reserved 1103872K
  class space    used 8470K, capacity 8994K, committed 9008K, reserved 1048576K
GC Heap History (10 events):
Event: 6.089 GC heap before
{Heap before GC invocations=9 (full 1):
 PSYoungGen      total 140288K, used 37948K [0x00000000d5580000, 0x00000000e2e00000, 0x0000000100000000)
  eden space 130560K, 21% used [0x00000000d5580000,0x00000000d71136b0,0x00000000dd500000)
  from space 9728K, 99% used [0x00000000dd500000,0x00000000dde7bb78,0x00000000dde80000)
  to   space 13824K, 0% used [0x00000000e2080000,0x00000000e2080000,0x00000000e2e00000)
 ParOldGen       total 40448K, used 14209K [0x0000000080000000, 0x0000000082780000, 0x00000000d5580000)
  object space 40448K, 35% used [0x0000000080000000,0x0000000080de04c8,0x0000000082780000)
 Metaspace       used 34321K, capacity 35414K, committed 35496K, reserved 1079296K
  class space    used 4711K, capacity 5002K, committed 5040K, reserved 1048576K
Event: 6.108 GC heap after
Heap after GC invocations=9 (full 1):
 PSYoungGen      total 207872K, used 7946K [0x00000000d5580000, 0x00000000e3f80000, 0x0000000100000000)
  eden space 194048K, 0% used [0x00000000d5580000,0x00000000d5580000,0x00000000e1300000)
  from space 13824K, 57% used [0x00000000e2080000,0x00000000e2842ad8,0x00000000e2e00000)
  to   space 13824K, 0% used [0x00000000e1300000,0x00000000e1300000,0x00000000e2080000)
 ParOldGen       total 40448K, used 14217K [0x0000000080000000, 0x0000000082780000, 0x00000000d5580000)
  object space 40448K, 35% used [0x0000000080000000,0x0000000080de24c8,0x0000000082780000)
 Metaspace       used 34321K, capacity 35414K, committed 35496K, reserved 1079296K
  class space    used 4711K, capacity 5002K, committed 5040K, reserved 1048576K
}
Event: 6.108 GC heap before
{Heap before GC invocations=10 (full 2):
 PSYoungGen      total 207872K, used 7946K [0x00000000d5580000, 0x00000000e3f80000, 0x0000000100000000)
  eden space 194048K, 0% used [0x00000000d5580000,0x00000000d5580000,0x00000000e1300000)
  from space 13824K, 57% used [0x00000000e2080000,0x00000000e2842ad8,0x00000000e2e00000)
  to   space 13824K, 0% used [0x00000000e1300000,0x00000000e1300000,0x00000000e2080000)
 ParOldGen       total 40448K, used 14217K [0x0000000080000000, 0x0000000082780000, 0x00000000d5580000)
  object space 40448K, 35% used [0x0000000080000000,0x0000000080de24c8,0x0000000082780000)
 Metaspace       used 34321K, capacity 35414K, committed 35496K, reserved 1079296K
  class space    used 4711K, capacity 5002K, committed 5040K, reserved 1048576K
Event: 6.187 GC heap after
Heap after GC invocations=10 (full 2):
 PSYoungGen      total 207872K, used 0K [0x00000000d5580000, 0x00000000e3f80000, 0x0000000100000000)
  eden space 194048K, 0% used [0x00000000d5580000,0x00000000d5580000,0x00000000e1300000)
  from space 13824K, 0% used [0x00000000e2080000,0x00000000e2080000,0x00000000e2e00000)
  to   space 13824K, 0% used [0x00000000e1300000,0x00000000e1300000,0x00000000e2080000)
 ParOldGen       total 58880K, used 14631K [0x0000000080000000, 0x0000000083980000, 0x00000000d5580000)
  object space 58880K, 24% used [0x0000000080000000,0x0000000080e49d18,0x0000000083980000)
 Metaspace       used 34321K, capacity 35414K, committed 35496K, reserved 1079296K
  class space    used 4711K, capacity 5002K, committed 5040K, reserved 1048576K
}
Event: 8.526 GC heap before
{Heap before GC invocations=11 (full 2):
 PSYoungGen      total 207872K, used 194048K [0x00000000d5580000, 0x00000000e3f80000, 0x0000000100000000)
  eden space 194048K, 100% used [0x00000000d5580000,0x00000000e1300000,0x00000000e1300000)
  from space 13824K, 0% used [0x00000000e2080000,0x00000000e2080000,0x00000000e2e00000)
  to   space 13824K, 0% used [0x00000000e1300000,0x00000000e1300000,0x00000000e2080000)
 ParOldGen       total 58880K, used 14631K [0x0000000080000000, 0x0000000083980000, 0x00000000d5580000)
  object space 58880K, 24% used [0x0000000080000000,0x0000000080e49d18,0x0000000083980000)
 Metaspace       used 45611K, capacity 47332K, committed 47528K, reserved 1089536K
  class space    used 6161K, capacity 6504K, committed 6576K, reserved 1048576K
Event: 8.556 GC heap after
Heap after GC invocations=11 (full 2):
 PSYoungGen      total 207872K, used 13822K [0x00000000d5580000, 0x00000000e6880000, 0x0000000100000000)
  eden space 194048K, 0% used [0x00000000d5580000,0x00000000d5580000,0x00000000e1300000)
  from space 13824K, 99% used [0x00000000e1300000,0x00000000e207fa30,0x00000000e2080000)
  to   space 16896K, 0% used [0x00000000e5800000,0x00000000e5800000,0x00000000e6880000)
 ParOldGen       total 58880K, used 17815K [0x0000000080000000, 0x0000000083980000, 0x00000000d5580000)
  object space 58880K, 30% used [0x0000000080000000,0x0000000081165c00,0x0000000083980000)
 Metaspace       used 45611K, capacity 47332K, committed 47528K, reserved 1089536K
  class space    used 6161K, capacity 6504K, committed 6576K, reserved 1048576K
}
Event: 10.595 GC heap before
{Heap before GC invocations=12 (full 2):
 PSYoungGen      total 207872K, used 145651K [0x00000000d5580000, 0x00000000e6880000, 0x0000000100000000)
  eden space 194048K, 67% used [0x00000000d5580000,0x00000000dd63d508,0x00000000e1300000)
  from space 13824K, 99% used [0x00000000e1300000,0x00000000e207fa30,0x00000000e2080000)
  to   space 16896K, 0% used [0x00000000e5800000,0x00000000e5800000,0x00000000e6880000)
 ParOldGen       total 58880K, used 17815K [0x0000000080000000, 0x0000000083980000, 0x00000000d5580000)
  object space 58880K, 30% used [0x0000000080000000,0x0000000081165c00,0x0000000083980000)
 Metaspace       used 56808K, capacity 59076K, committed 59160K, reserved 1099776K
  class space    used 7763K, capacity 8227K, committed 8240K, reserved 1048576K
Event: 10.650 GC heap after
Heap after GC invocations=12 (full 2):
 PSYoungGen      total 259072K, used 16864K [0x00000000d5580000, 0x00000000e7500000, 0x0000000100000000)
  eden space 242176K, 0% used [0x00000000d5580000,0x00000000d5580000,0x00000000e4200000)
  from space 16896K, 99% used [0x00000000e5800000,0x00000000e68780f8,0x00000000e6880000)
  to   space 22528K, 0% used [0x00000000e4200000,0x00000000e4200000,0x00000000e5800000)
 ParOldGen       total 58880K, used 25692K [0x0000000080000000, 0x0000000083980000, 0x00000000d5580000)
  object space 58880K, 43% used [0x0000000080000000,0x0000000081917098,0x0000000083980000)
 Metaspace       used 56808K, capacity 59076K, committed 59160K, reserved 1099776K
  class space    used 7763K, capacity 8227K, committed 8240K, reserved 1048576K
}
Event: 10.650 GC heap before
{Heap before GC invocations=13 (full 3):
 PSYoungGen      total 259072K, used 16864K [0x00000000d5580000, 0x00000000e7500000, 0x0000000100000000)
  eden space 242176K, 0% used [0x00000000d5580000,0x00000000d5580000,0x00000000e4200000)
  from space 16896K, 99% used [0x00000000e5800000,0x00000000e68780f8,0x00000000e6880000)
  to   space 22528K, 0% used [0x00000000e4200000,0x00000000e4200000,0x00000000e5800000)
 ParOldGen       total 58880K, used 25692K [0x0000000080000000, 0x0000000083980000, 0x00000000d5580000)
  object space 58880K, 43% used [0x0000000080000000,0x0000000081917098,0x0000000083980000)
 Metaspace       used 56808K, capacity 59076K, committed 59160K, reserved 1099776K
  class space    used 7763K, capacity 8227K, committed 8240K, reserved 1048576K
Event: 10.890 GC heap after
Heap after GC invocations=13 (full 3):
 PSYoungGen      total 259072K, used 0K [0x00000000d5580000, 0x00000000e7500000, 0x0000000100000000)
  eden space 242176K, 0% used [0x00000000d5580000,0x00000000d5580000,0x00000000e4200000)
  from space 16896K, 0% used [0x00000000e5800000,0x00000000e5800000,0x00000000e6880000)
  to   space 22528K, 0% used [0x00000000e4200000,0x00000000e4200000,0x00000000e5800000)
 ParOldGen       total 96256K, used 36641K [0x0000000080000000, 0x0000000085e00000, 0x00000000d5580000)
  object space 96256K, 38% used [0x0000000080000000,0x00000000823c86b0,0x0000000085e00000)
 Metaspace       used 56804K, capacity 59064K, committed 59160K, reserved 1099776K
  class space    used 7762K, capacity 8225K, committed 8240K, reserved 1048576K
}

