# JRE version: OpenJDK Runtime Environment (8.0_242-b01) (build 1.8.0_242-release-1644-b01)
# Java VM: OpenJDK 64-Bit Server VM (25.242-b01 mixed mode windows-amd64 compressed oops)
Heap:
 PSYoungGen      total 256000K, used 127431K [0x00000000d5580000, 0x00000000e6980000, 0x0000000100000000)
  eden space 235008K, 45% used [0x00000000d5580000,0x00000000dbd76cd0,0x00000000e3b00000)
  from space 20992K, 99% used [0x00000000e3b00000,0x00000000e4f7b170,0x00000000e4f80000)
  to   space 15360K, 0% used [0x00000000e4f80000,0x00000000e4f80000,0x00000000e5e80000)
 ParOldGen       total 84992K, used 43470K [0x0000000080000000, 0x0000000085300000, 0x00000000d5580000)
  object space 84992K, 51% used [0x0000000080000000,0x0000000082a73858,0x0000000085300000)
 Metaspace       used 70919K, capacity 74082K, committed 74264K, reserved 1114112K
  class space    used 9626K, capacity 10229K, committed 10288K, reserved 1048576K
GC Heap History (10 events):
Event: 9.560 GC heap before
{Heap before GC invocations=12 (full 2):
 PSYoungGen      total 192512K, used 8090K [0x00000000d5580000, 0x00000000e2300000, 0x0000000100000000)
  eden space 180224K, 0% used [0x00000000d5580000,0x00000000d5580000,0x00000000e0580000)
  from space 12288K, 65% used [0x00000000e1200000,0x00000000e19e6ae8,0x00000000e1e00000)
  to   space 12800K, 0% used [0x00000000e0580000,0x00000000e0580000,0x00000000e1200000)
 ParOldGen       total 32768K, used 12003K [0x0000000080000000, 0x0000000082000000, 0x00000000d5580000)
  object space 32768K, 36% used [0x0000000080000000,0x0000000080bb8f68,0x0000000082000000)
 Metaspace       used 34315K, capacity 35414K, committed 35496K, reserved 1079296K
  class space    used 4713K, capacity 5002K, committed 5040K, reserved 1048576K
Event: 9.648 GC heap after
Heap after GC invocations=12 (full 2):
 PSYoungGen      total 192512K, used 0K [0x00000000d5580000, 0x00000000e2300000, 0x0000000100000000)
  eden space 180224K, 0% used [0x00000000d5580000,0x00000000d5580000,0x00000000e0580000)
  from space 12288K, 0% used [0x00000000e1200000,0x00000000e1200000,0x00000000e1e00000)
  to   space 12800K, 0% used [0x00000000e0580000,0x00000000e0580000,0x00000000e1200000)
 ParOldGen       total 50176K, used 14630K [0x0000000080000000, 0x0000000083100000, 0x00000000d5580000)
  object space 50176K, 29% used [0x0000000080000000,0x0000000080e49a78,0x0000000083100000)
 Metaspace       used 34315K, capacity 35414K, committed 35496K, reserved 1079296K
  class space    used 4713K, capacity 5002K, committed 5040K, reserved 1048576K
}
Event: 12.153 GC heap before
{Heap before GC invocations=13 (full 2):
 PSYoungGen      total 192512K, used 180224K [0x00000000d5580000, 0x00000000e2300000, 0x0000000100000000)
  eden space 180224K, 100% used [0x00000000d5580000,0x00000000e0580000,0x00000000e0580000)
  from space 12288K, 0% used [0x00000000e1200000,0x00000000e1200000,0x00000000e1e00000)
  to   space 12800K, 0% used [0x00000000e0580000,0x00000000e0580000,0x00000000e1200000)
 ParOldGen       total 50176K, used 14630K [0x0000000080000000, 0x0000000083100000, 0x00000000d5580000)
  object space 50176K, 29% used [0x0000000080000000,0x0000000080e49a78,0x0000000083100000)
 Metaspace       used 44484K, capacity 46286K, committed 46632K, reserved 1089536K
  class space    used 6035K, capacity 6383K, committed 6448K, reserved 1048576K
Event: 12.188 GC heap after
Heap after GC invocations=13 (full 2):
 PSYoungGen      total 193024K, used 12788K [0x00000000d5580000, 0x00000000e5e80000, 0x0000000100000000)
  eden space 180224K, 0% used [0x00000000d5580000,0x00000000d5580000,0x00000000e0580000)
  from space 12800K, 99% used [0x00000000e0580000,0x00000000e11fd1b8,0x00000000e1200000)
  to   space 15360K, 0% used [0x00000000e4f80000,0x00000000e4f80000,0x00000000e5e80000)
 ParOldGen       total 50176K, used 15912K [0x0000000080000000, 0x0000000083100000, 0x00000000d5580000)
  object space 50176K, 31% used [0x0000000080000000,0x0000000080f8a148,0x0000000083100000)
 Metaspace       used 44484K, capacity 46286K, committed 46632K, reserved 1089536K
  class space    used 6035K, capacity 6383K, committed 6448K, reserved 1048576K
}
Event: 14.991 GC heap before
{Heap before GC invocations=14 (full 2):
 PSYoungGen      total 193024K, used 164351K [0x00000000d5580000, 0x00000000e5e80000, 0x0000000100000000)
  eden space 180224K, 84% used [0x00000000d5580000,0x00000000de982d00,0x00000000e0580000)
  from space 12800K, 99% used [0x00000000e0580000,0x00000000e11fd1b8,0x00000000e1200000)
  to   space 15360K, 0% used [0x00000000e4f80000,0x00000000e4f80000,0x00000000e5e80000)
 ParOldGen       total 50176K, used 15912K [0x0000000080000000, 0x0000000083100000, 0x00000000d5580000)
  object space 50176K, 31% used [0x0000000080000000,0x0000000080f8a148,0x0000000083100000)
 Metaspace       used 56693K, capacity 59004K, committed 59160K, reserved 1099776K
  class space    used 7759K, capacity 8231K, committed 8240K, reserved 1048576K
Event: 15.054 GC heap after
Heap after GC invocations=14 (full 2):
 PSYoungGen      total 250368K, used 15350K [0x00000000d5580000, 0x00000000e6980000, 0x0000000100000000)
  eden space 235008K, 0% used [0x00000000d5580000,0x00000000d5580000,0x00000000e3b00000)
  from space 15360K, 99% used [0x00000000e4f80000,0x00000000e5e7d870,0x00000000e5e80000)
  to   space 20992K, 0% used [0x00000000e3b00000,0x00000000e3b00000,0x00000000e4f80000)
 ParOldGen       total 50176K, used 25605K [0x0000000080000000, 0x0000000083100000, 0x00000000d5580000)
  object space 50176K, 51% used [0x0000000080000000,0x0000000081901790,0x0000000083100000)
 Metaspace       used 56693K, capacity 59004K, committed 59160K, reserved 1099776K
  class space    used 7759K, capacity 8231K, committed 8240K, reserved 1048576K
}
Event: 15.054 GC heap before
{Heap before GC invocations=15 (full 3):
 PSYoungGen      total 250368K, used 15350K [0x00000000d5580000, 0x00000000e6980000, 0x0000000100000000)
  eden space 235008K, 0% used [0x00000000d5580000,0x00000000d5580000,0x00000000e3b00000)
  from space 15360K, 99% used [0x00000000e4f80000,0x00000000e5e7d870,0x00000000e5e80000)
  to   space 20992K, 0% used [0x00000000e3b00000,0x00000000e3b00000,0x00000000e4f80000)
 ParOldGen       total 50176K, used 25605K [0x0000000080000000, 0x0000000083100000, 0x00000000d5580000)
  object space 50176K, 51% used [0x0000000080000000,0x0000000081901790,0x0000000083100000)
 Metaspace       used 56693K, capacity 59004K, committed 59160K, reserved 1099776K
  class space    used 7759K, capacity 8231K, committed 8240K, reserved 1048576K
Event: 15.315 GC heap after
Heap after GC invocations=15 (full 3):
 PSYoungGen      total 250368K, used 0K [0x00000000d5580000, 0x00000000e6980000, 0x0000000100000000)
  eden space 235008K, 0% used [0x00000000d5580000,0x00000000d5580000,0x00000000e3b00000)
  from space 15360K, 0% used [0x00000000e4f80000,0x00000000e4f80000,0x00000000e5e80000)
  to   space 20992K, 0% used [0x00000000e3b00000,0x00000000e3b00000,0x00000000e4f80000)
 ParOldGen       total 84992K, used 36805K [0x0000000080000000, 0x0000000085300000, 0x00000000d5580000)
  object space 84992K, 43% used [0x0000000080000000,0x00000000823f1590,0x0000000085300000)
 Metaspace       used 56676K, capacity 58950K, committed 59160K, reserved 1099776K
  class space    used 7754K, capacity 8222K, committed 8240K, reserved 1048576K
}
Event: 21.002 GC heap before
{Heap before GC invocations=16 (full 3):
 PSYoungGen      total 250368K, used 235008K [0x00000000d5580000, 0x00000000e6980000, 0x0000000100000000)
  eden space 235008K, 100% used [0x00000000d5580000,0x00000000e3b00000,0x00000000e3b00000)
  from space 15360K, 0% used [0x00000000e4f80000,0x00000000e4f80000,0x00000000e5e80000)
  to   space 20992K, 0% used [0x00000000e3b00000,0x00000000e3b00000,0x00000000e4f80000)
 ParOldGen       total 84992K, used 36805K [0x0000000080000000, 0x0000000085300000, 0x00000000d5580000)
  object space 84992K, 43% used [0x0000000080000000,0x00000000823f1590,0x0000000085300000)
 Metaspace       used 69783K, capacity 72996K, committed 73240K, reserved 1112064K
  class space    used 9541K, capacity 10168K, committed 10288K, reserved 1048576K
Event: 21.042 GC heap after
Heap after GC invocations=16 (full 3):
 PSYoungGen      total 256000K, used 20972K [0x00000000d5580000, 0x00000000e6980000, 0x0000000100000000)
  eden space 235008K, 0% used [0x00000000d5580000,0x00000000d5580000,0x00000000e3b00000)
  from space 20992K, 99% used [0x00000000e3b00000,0x00000000e4f7b170,0x00000000e4f80000)
  to   space 15360K, 0% used [0x00000000e4f80000,0x00000000e4f80000,0x00000000e5e80000)
 ParOldGen       total 84992K, used 43470K [0x0000000080000000, 0x0000000085300000, 0x00000000d5580000)
  object space 84992K, 51% used [0x0000000080000000,0x0000000082a73858,0x0000000085300000)
 Metaspace       used 69783K, capacity 72996K, committed 73240K, reserved 1112064K
  class space    used 9541K, capacity 10168K, committed 10288K, reserved 1048576K
}

