# JRE version: OpenJDK Runtime Environment (8.0_242-b01) (build 1.8.0_242-release-1644-b01)
# Java VM: OpenJDK 64-Bit Server VM (25.242-b01 mixed mode windows-amd64 compressed oops)
Heap:
 PSYoungGen      total 307200K, used 180487K [0x00000000d5580000, 0x00000000ec380000, 0x0000000100000000)
  eden space 280064K, 54% used [0x00000000d5580000,0x00000000deb47410,0x00000000e6700000)
  from space 27136K, 99% used [0x00000000e8e00000,0x00000000ea87a8c0,0x00000000ea880000)
  to   space 39936K, 0% used [0x00000000e6700000,0x00000000e6700000,0x00000000e8e00000)
 ParOldGen       total 85504K, used 65040K [0x0000000080000000, 0x0000000085380000, 0x00000000d5580000)
  object space 85504K, 76% used [0x0000000080000000,0x0000000083f84280,0x0000000085380000)
 Metaspace       used 80599K, capacity 84940K, committed 85272K, reserved 1122304K
  class space    used 11126K, capacity 11962K, committed 12080K, reserved 1048576K
GC Heap History (10 events):
Event: 8.351 GC heap before
{Heap before GC invocations=13 (full 2):
 PSYoungGen      total 197120K, used 184832K [0x00000000d5580000, 0x00000000e2600000, 0x0000000100000000)
  eden space 184832K, 100% used [0x00000000d5580000,0x00000000e0a00000,0x00000000e0a00000)
  from space 12288K, 0% used [0x00000000e1680000,0x00000000e1680000,0x00000000e2280000)
  to   space 12800K, 0% used [0x00000000e0a00000,0x00000000e0a00000,0x00000000e1680000)
 ParOldGen       total 49664K, used 14567K [0x0000000080000000, 0x0000000083080000, 0x00000000d5580000)
  object space 49664K, 29% used [0x0000000080000000,0x0000000080e39e18,0x0000000083080000)
 Metaspace       used 45139K, capacity 46926K, committed 47272K, reserved 1089536K
  class space    used 6106K, capacity 6449K, committed 6576K, reserved 1048576K
Event: 8.370 GC heap after
Heap after GC invocations=13 (full 2):
 PSYoungGen      total 197632K, used 12770K [0x00000000d5580000, 0x00000000e6080000, 0x0000000100000000)
  eden space 184832K, 0% used [0x00000000d5580000,0x00000000d5580000,0x00000000e0a00000)
  from space 12800K, 99% used [0x00000000e0a00000,0x00000000e1678818,0x00000000e1680000)
  to   space 15360K, 0% used [0x00000000e5180000,0x00000000e5180000,0x00000000e6080000)
 ParOldGen       total 49664K, used 17069K [0x0000000080000000, 0x0000000083080000, 0x00000000d5580000)
  object space 49664K, 34% used [0x0000000080000000,0x00000000810ab7f8,0x0000000083080000)
 Metaspace       used 45139K, capacity 46926K, committed 47272K, reserved 1089536K
  class space    used 6106K, capacity 6449K, committed 6576K, reserved 1048576K
}
Event: 10.671 GC heap before
{Heap before GC invocations=14 (full 2):
 PSYoungGen      total 197632K, used 157935K [0x00000000d5580000, 0x00000000e6080000, 0x0000000100000000)
  eden space 184832K, 78% used [0x00000000d5580000,0x00000000de343400,0x00000000e0a00000)
  from space 12800K, 99% used [0x00000000e0a00000,0x00000000e1678818,0x00000000e1680000)
  to   space 15360K, 0% used [0x00000000e5180000,0x00000000e5180000,0x00000000e6080000)
 ParOldGen       total 49664K, used 17069K [0x0000000080000000, 0x0000000083080000, 0x00000000d5580000)
  object space 49664K, 34% used [0x0000000080000000,0x00000000810ab7f8,0x0000000083080000)
 Metaspace       used 56835K, capacity 59138K, committed 59160K, reserved 1099776K
  class space    used 7770K, capacity 8236K, committed 8240K, reserved 1048576K
Event: 10.727 GC heap after
Heap after GC invocations=14 (full 2):
 PSYoungGen      total 251904K, used 15332K [0x00000000d5580000, 0x00000000e6a80000, 0x0000000100000000)
  eden space 236544K, 0% used [0x00000000d5580000,0x00000000d5580000,0x00000000e3c80000)
  from space 15360K, 99% used [0x00000000e5180000,0x00000000e6079238,0x00000000e6080000)
  to   space 21504K, 0% used [0x00000000e3c80000,0x00000000e3c80000,0x00000000e5180000)
 ParOldGen       total 49664K, used 26710K [0x0000000080000000, 0x0000000083080000, 0x00000000d5580000)
  object space 49664K, 53% used [0x0000000080000000,0x0000000081a159f0,0x0000000083080000)
 Metaspace       used 56835K, capacity 59138K, committed 59160K, reserved 1099776K
  class space    used 7770K, capacity 8236K, committed 8240K, reserved 1048576K
}
Event: 10.727 GC heap before
{Heap before GC invocations=15 (full 3):
 PSYoungGen      total 251904K, used 15332K [0x00000000d5580000, 0x00000000e6a80000, 0x0000000100000000)
  eden space 236544K, 0% used [0x00000000d5580000,0x00000000d5580000,0x00000000e3c80000)
  from space 15360K, 99% used [0x00000000e5180000,0x00000000e6079238,0x00000000e6080000)
  to   space 21504K, 0% used [0x00000000e3c80000,0x00000000e3c80000,0x00000000e5180000)
 ParOldGen       total 49664K, used 26710K [0x0000000080000000, 0x0000000083080000, 0x00000000d5580000)
  object space 49664K, 53% used [0x0000000080000000,0x0000000081a159f0,0x0000000083080000)
 Metaspace       used 56835K, capacity 59138K, committed 59160K, reserved 1099776K
  class space    used 7770K, capacity 8236K, committed 8240K, reserved 1048576K
Event: 10.971 GC heap after
Heap after GC invocations=15 (full 3):
 PSYoungGen      total 251904K, used 0K [0x00000000d5580000, 0x00000000e6a80000, 0x0000000100000000)
  eden space 236544K, 0% used [0x00000000d5580000,0x00000000d5580000,0x00000000e3c80000)
  from space 15360K, 0% used [0x00000000e5180000,0x00000000e5180000,0x00000000e6080000)
  to   space 21504K, 0% used [0x00000000e3c80000,0x00000000e3c80000,0x00000000e5180000)
 ParOldGen       total 85504K, used 36766K [0x0000000080000000, 0x0000000085380000, 0x00000000d5580000)
  object space 85504K, 42% used [0x0000000080000000,0x00000000823e7ae0,0x0000000085380000)
 Metaspace       used 56816K, capacity 59072K, committed 59160K, reserved 1099776K
  class space    used 7764K, capacity 8225K, committed 8240K, reserved 1048576K
}
Event: 15.439 GC heap before
{Heap before GC invocations=16 (full 3):
 PSYoungGen      total 251904K, used 236544K [0x00000000d5580000, 0x00000000e6a80000, 0x0000000100000000)
  eden space 236544K, 100% used [0x00000000d5580000,0x00000000e3c80000,0x00000000e3c80000)
  from space 15360K, 0% used [0x00000000e5180000,0x00000000e5180000,0x00000000e6080000)
  to   space 21504K, 0% used [0x00000000e3c80000,0x00000000e3c80000,0x00000000e5180000)
 ParOldGen       total 85504K, used 36766K [0x0000000080000000, 0x0000000085380000, 0x00000000d5580000)
  object space 85504K, 42% used [0x0000000080000000,0x00000000823e7ae0,0x0000000085380000)
 Metaspace       used 69865K, capacity 73040K, committed 73240K, reserved 1112064K
  class space    used 9537K, capacity 10164K, committed 10288K, reserved 1048576K
Event: 15.479 GC heap after
Heap after GC invocations=16 (full 3):
 PSYoungGen      total 258048K, used 21474K [0x00000000d5580000, 0x00000000ea880000, 0x0000000100000000)
  eden space 236544K, 0% used [0x00000000d5580000,0x00000000d5580000,0x00000000e3c80000)
  from space 21504K, 99% used [0x00000000e3c80000,0x00000000e5178820,0x00000000e5180000)
  to   space 27136K, 0% used [0x00000000e8e00000,0x00000000e8e00000,0x00000000ea880000)
 ParOldGen       total 85504K, used 42871K [0x0000000080000000, 0x0000000085380000, 0x00000000d5580000)
  object space 85504K, 50% used [0x0000000080000000,0x00000000829ddfa0,0x0000000085380000)
 Metaspace       used 69865K, capacity 73040K, committed 73240K, reserved 1112064K
  class space    used 9537K, capacity 10164K, committed 10288K, reserved 1048576K
}
Event: 17.955 GC heap before
{Heap before GC invocations=17 (full 3):
 PSYoungGen      total 258048K, used 258018K [0x00000000d5580000, 0x00000000ea880000, 0x0000000100000000)
  eden space 236544K, 100% used [0x00000000d5580000,0x00000000e3c80000,0x00000000e3c80000)
  from space 21504K, 99% used [0x00000000e3c80000,0x00000000e5178820,0x00000000e5180000)
  to   space 27136K, 0% used [0x00000000e8e00000,0x00000000e8e00000,0x00000000ea880000)
 ParOldGen       total 85504K, used 42871K [0x0000000080000000, 0x0000000085380000, 0x00000000d5580000)
  object space 85504K, 50% used [0x0000000080000000,0x00000000829ddfa0,0x0000000085380000)
 Metaspace       used 79018K, capacity 83250K, committed 83480K, reserved 1120256K
  class space    used 10919K, capacity 11725K, committed 11824K, reserved 1048576K
Event: 18.027 GC heap after
Heap after GC invocations=17 (full 3):
 PSYoungGen      total 307200K, used 27114K [0x00000000d5580000, 0x00000000ec380000, 0x0000000100000000)
  eden space 280064K, 0% used [0x00000000d5580000,0x00000000d5580000,0x00000000e6700000)
  from space 27136K, 99% used [0x00000000e8e00000,0x00000000ea87a8c0,0x00000000ea880000)
  to   space 39936K, 0% used [0x00000000e6700000,0x00000000e6700000,0x00000000e8e00000)
 ParOldGen       total 85504K, used 65040K [0x0000000080000000, 0x0000000085380000, 0x00000000d5580000)
  object space 85504K, 76% used [0x0000000080000000,0x0000000083f84280,0x0000000085380000)
 Metaspace       used 79018K, capacity 83250K, committed 83480K, reserved 1120256K
  class space    used 10919K, capacity 11725K, committed 11824K, reserved 1048576K
}

