# JRE version: OpenJDK Runtime Environment (8.0_242-b01) (build 1.8.0_242-release-1644-b01)
# Java VM: OpenJDK 64-Bit Server VM (25.242-b01 mixed mode windows-amd64 compressed oops)
Heap:
 PSYoungGen      total 329216K, used 40153K [0x00000000d5580000, 0x00000000f0700000, 0x0000000100000000)
  eden space 306688K, 5% used [0x00000000d5580000,0x00000000d66b84e0,0x00000000e8100000)
  from space 22528K, 99% used [0x00000000e8100000,0x00000000e96fdf68,0x00000000e9700000)
  to   space 26624K, 0% used [0x00000000eed00000,0x00000000eed00000,0x00000000f0700000)
 ParOldGen       total 80896K, used 36850K [0x0000000080000000, 0x0000000084f00000, 0x00000000d5580000)
  object space 80896K, 45% used [0x0000000080000000,0x00000000823fcb00,0x0000000084f00000)
 Metaspace       used 67850K, capacity 70984K, committed 71064K, reserved 1110016K
  class space    used 9028K, capacity 9635K, committed 9648K, reserved 1048576K
GC Heap History (10 events):
Event: 8.737 GC heap before
{Heap before GC invocations=10 (full 2):
 PSYoungGen      total 235008K, used 7894K [0x00000000d5580000, 0x00000000e5b00000, 0x0000000100000000)
  eden space 221184K, 0% used [0x00000000d5580000,0x00000000d5580000,0x00000000e2d80000)
  from space 13824K, 57% used [0x00000000e3b00000,0x00000000e42b5b38,0x00000000e4880000)
  to   space 13824K, 0% used [0x00000000e2d80000,0x00000000e2d80000,0x00000000e3b00000)
 ParOldGen       total 37888K, used 14278K [0x0000000080000000, 0x0000000082500000, 0x00000000d5580000)
  object space 37888K, 37% used [0x0000000080000000,0x0000000080df1900,0x0000000082500000)
 Metaspace       used 34274K, capacity 35412K, committed 35496K, reserved 1079296K
  class space    used 4715K, capacity 5001K, committed 5040K, reserved 1048576K
Event: 8.818 GC heap after
Heap after GC invocations=10 (full 2):
 PSYoungGen      total 235008K, used 0K [0x00000000d5580000, 0x00000000e5b00000, 0x0000000100000000)
  eden space 221184K, 0% used [0x00000000d5580000,0x00000000d5580000,0x00000000e2d80000)
  from space 13824K, 0% used [0x00000000e3b00000,0x00000000e3b00000,0x00000000e4880000)
  to   space 13824K, 0% used [0x00000000e2d80000,0x00000000e2d80000,0x00000000e3b00000)
 ParOldGen       total 49152K, used 14492K [0x0000000080000000, 0x0000000083000000, 0x00000000d5580000)
  object space 49152K, 29% used [0x0000000080000000,0x0000000080e27350,0x0000000083000000)
 Metaspace       used 34274K, capacity 35412K, committed 35496K, reserved 1079296K
  class space    used 4715K, capacity 5001K, committed 5040K, reserved 1048576K
}
Event: 11.275 GC heap before
{Heap before GC invocations=11 (full 2):
 PSYoungGen      total 235008K, used 221184K [0x00000000d5580000, 0x00000000e5b00000, 0x0000000100000000)
  eden space 221184K, 100% used [0x00000000d5580000,0x00000000e2d80000,0x00000000e2d80000)
  from space 13824K, 0% used [0x00000000e3b00000,0x00000000e3b00000,0x00000000e4880000)
  to   space 13824K, 0% used [0x00000000e2d80000,0x00000000e2d80000,0x00000000e3b00000)
 ParOldGen       total 49152K, used 14492K [0x0000000080000000, 0x0000000083000000, 0x00000000d5580000)
  object space 49152K, 29% used [0x0000000080000000,0x0000000080e27350,0x0000000083000000)
 Metaspace       used 46250K, capacity 47938K, committed 48296K, reserved 1091584K
  class space    used 6251K, capacity 6575K, committed 6576K, reserved 1048576K
Event: 11.298 GC heap after
Heap after GC invocations=11 (full 2):
 PSYoungGen      total 235008K, used 13799K [0x00000000d5580000, 0x00000000ea800000, 0x0000000100000000)
  eden space 221184K, 0% used [0x00000000d5580000,0x00000000d5580000,0x00000000e2d80000)
  from space 13824K, 99% used [0x00000000e2d80000,0x00000000e3af9c28,0x00000000e3b00000)
  to   space 17408K, 0% used [0x00000000e9700000,0x00000000e9700000,0x00000000ea800000)
 ParOldGen       total 49152K, used 18586K [0x0000000080000000, 0x0000000083000000, 0x00000000d5580000)
  object space 49152K, 37% used [0x0000000080000000,0x00000000812268a0,0x0000000083000000)
 Metaspace       used 46250K, capacity 47938K, committed 48296K, reserved 1091584K
  class space    used 6251K, capacity 6575K, committed 6576K, reserved 1048576K
}
Event: 13.743 GC heap before
{Heap before GC invocations=12 (full 2):
 PSYoungGen      total 235008K, used 137642K [0x00000000d5580000, 0x00000000ea800000, 0x0000000100000000)
  eden space 221184K, 55% used [0x00000000d5580000,0x00000000dce70cc0,0x00000000e2d80000)
  from space 13824K, 99% used [0x00000000e2d80000,0x00000000e3af9c28,0x00000000e3b00000)
  to   space 17408K, 0% used [0x00000000e9700000,0x00000000e9700000,0x00000000ea800000)
 ParOldGen       total 49152K, used 18586K [0x0000000080000000, 0x0000000083000000, 0x00000000d5580000)
  object space 49152K, 37% used [0x0000000080000000,0x00000000812268a0,0x0000000083000000)
 Metaspace       used 56747K, capacity 59072K, committed 59160K, reserved 1099776K
  class space    used 7751K, capacity 8199K, committed 8240K, reserved 1048576K
Event: 13.783 GC heap after
Heap after GC invocations=12 (full 2):
 PSYoungGen      total 324096K, used 17381K [0x00000000d5580000, 0x00000000eae00000, 0x0000000100000000)
  eden space 306688K, 0% used [0x00000000d5580000,0x00000000d5580000,0x00000000e8100000)
  from space 17408K, 99% used [0x00000000e9700000,0x00000000ea7f9690,0x00000000ea800000)
  to   space 22528K, 0% used [0x00000000e8100000,0x00000000e8100000,0x00000000e9700000)
 ParOldGen       total 49152K, used 25401K [0x0000000080000000, 0x0000000083000000, 0x00000000d5580000)
  object space 49152K, 51% used [0x0000000080000000,0x00000000818ce6f8,0x0000000083000000)
 Metaspace       used 56747K, capacity 59072K, committed 59160K, reserved 1099776K
  class space    used 7751K, capacity 8199K, committed 8240K, reserved 1048576K
}
Event: 13.783 GC heap before
{Heap before GC invocations=13 (full 3):
 PSYoungGen      total 324096K, used 17381K [0x00000000d5580000, 0x00000000eae00000, 0x0000000100000000)
  eden space 306688K, 0% used [0x00000000d5580000,0x00000000d5580000,0x00000000e8100000)
  from space 17408K, 99% used [0x00000000e9700000,0x00000000ea7f9690,0x00000000ea800000)
  to   space 22528K, 0% used [0x00000000e8100000,0x00000000e8100000,0x00000000e9700000)
 ParOldGen       total 49152K, used 25401K [0x0000000080000000, 0x0000000083000000, 0x00000000d5580000)
  object space 49152K, 51% used [0x0000000080000000,0x00000000818ce6f8,0x0000000083000000)
 Metaspace       used 56747K, capacity 59072K, committed 59160K, reserved 1099776K
  class space    used 7751K, capacity 8199K, committed 8240K, reserved 1048576K
Event: 14.029 GC heap after
Heap after GC invocations=13 (full 3):
 PSYoungGen      total 324096K, used 0K [0x00000000d5580000, 0x00000000eae00000, 0x0000000100000000)
  eden space 306688K, 0% used [0x00000000d5580000,0x00000000d5580000,0x00000000e8100000)
  from space 17408K, 0% used [0x00000000e9700000,0x00000000e9700000,0x00000000ea800000)
  to   space 22528K, 0% used [0x00000000e8100000,0x00000000e8100000,0x00000000e9700000)
 ParOldGen       total 80896K, used 36093K [0x0000000080000000, 0x0000000084f00000, 0x00000000d5580000)
  object space 80896K, 44% used [0x0000000080000000,0x000000008233f590,0x0000000084f00000)
 Metaspace       used 56736K, capacity 59036K, committed 59160K, reserved 1099776K
  class space    used 7748K, capacity 8193K, committed 8240K, reserved 1048576K
}
Event: 473.369 GC heap before
{Heap before GC invocations=14 (full 3):
 PSYoungGen      total 324096K, used 306688K [0x00000000d5580000, 0x00000000eae00000, 0x0000000100000000)
  eden space 306688K, 100% used [0x00000000d5580000,0x00000000e8100000,0x00000000e8100000)
  from space 17408K, 0% used [0x00000000e9700000,0x00000000e9700000,0x00000000ea800000)
  to   space 22528K, 0% used [0x00000000e8100000,0x00000000e8100000,0x00000000e9700000)
 ParOldGen       total 80896K, used 36093K [0x0000000080000000, 0x0000000084f00000, 0x00000000d5580000)
  object space 80896K, 44% used [0x0000000080000000,0x000000008233f590,0x0000000084f00000)
 Metaspace       used 67668K, capacity 70756K, committed 70808K, reserved 1110016K
  class space    used 9024K, capacity 9629K, committed 9648K, reserved 1048576K
Event: 473.545 GC heap after
Heap after GC invocations=14 (full 3):
 PSYoungGen      total 329216K, used 22519K [0x00000000d5580000, 0x00000000f0700000, 0x0000000100000000)
  eden space 306688K, 0% used [0x00000000d5580000,0x00000000d5580000,0x00000000e8100000)
  from space 22528K, 99% used [0x00000000e8100000,0x00000000e96fdf68,0x00000000e9700000)
  to   space 26624K, 0% used [0x00000000eed00000,0x00000000eed00000,0x00000000f0700000)
 ParOldGen       total 80896K, used 36850K [0x0000000080000000, 0x0000000084f00000, 0x00000000d5580000)
  object space 80896K, 45% used [0x0000000080000000,0x00000000823fcb00,0x0000000084f00000)
 Metaspace       used 67668K, capacity 70756K, committed 70808K, reserved 1110016K
  class space    used 9024K, capacity 9629K, committed 9648K, reserved 1048576K
}

