# JRE version: OpenJDK Runtime Environment (8.0_242-b01) (build 1.8.0_242-release-1644-b01)
# Java VM: OpenJDK 64-Bit Server VM (25.242-b01 mixed mode windows-amd64 compressed oops)
Heap:
 PSYoungGen      total 137728K, used 117386K [0x00000000d5580000, 0x00000000de580000, 0x0000000100000000)
  eden space 129024K, 90% used [0x00000000d5580000,0x00000000dc8228f8,0x00000000dd380000)
  from space 8704K, 0% used [0x00000000ddd00000,0x00000000ddd00000,0x00000000de580000)
  to   space 9216K, 0% used [0x00000000dd380000,0x00000000dd380000,0x00000000ddc80000)
 ParOldGen       total 51712K, used 14562K [0x0000000080000000, 0x0000000083280000, 0x00000000d5580000)
  object space 51712K, 28% used [0x0000000080000000,0x0000000080e38a60,0x0000000083280000)
 Metaspace       used 38882K, capacity 40576K, committed 40792K, reserved 1085440K
  class space    used 5361K, capacity 5736K, committed 5760K, reserved 1048576K
GC Heap History (10 events):
Event: 3.597 GC heap before
{Heap before GC invocations=8 (full 0):
 PSYoungGen      total 71168K, used 16035K [0x00000000d5580000, 0x00000000de680000, 0x0000000100000000)
  eden space 64512K, 14% used [0x00000000d5580000,0x00000000d5eb0bd0,0x00000000d9480000)
  from space 6656K, 99% used [0x00000000d9480000,0x00000000d9af8178,0x00000000d9b00000)
  to   space 9728K, 0% used [0x00000000ddd00000,0x00000000ddd00000,0x00000000de680000)
 ParOldGen       total 44032K, used 8541K [0x0000000080000000, 0x0000000082b00000, 0x00000000d5580000)
  object space 44032K, 19% used [0x0000000080000000,0x00000000808574b0,0x0000000082b00000)
 Metaspace       used 20609K, capacity 21192K, committed 21248K, reserved 1067008K
  class space    used 2873K, capacity 3044K, committed 3072K, reserved 1048576K
Event: 3.602 GC heap after
Heap after GC invocations=8 (full 0):
 PSYoungGen      total 137728K, used 4332K [0x00000000d5580000, 0x00000000de580000, 0x0000000100000000)
  eden space 129024K, 0% used [0x00000000d5580000,0x00000000d5580000,0x00000000dd380000)
  from space 8704K, 49% used [0x00000000ddd00000,0x00000000de13b3d0,0x00000000de580000)
  to   space 9216K, 0% used [0x00000000dd380000,0x00000000dd380000,0x00000000ddc80000)
 ParOldGen       total 44032K, used 8973K [0x0000000080000000, 0x0000000082b00000, 0x00000000d5580000)
  object space 44032K, 20% used [0x0000000080000000,0x00000000808c34b0,0x0000000082b00000)
 Metaspace       used 20609K, capacity 21192K, committed 21248K, reserved 1067008K
  class space    used 2873K, capacity 3044K, committed 3072K, reserved 1048576K
}
Event: 3.602 GC heap before
{Heap before GC invocations=9 (full 1):
 PSYoungGen      total 137728K, used 4332K [0x00000000d5580000, 0x00000000de580000, 0x0000000100000000)
  eden space 129024K, 0% used [0x00000000d5580000,0x00000000d5580000,0x00000000dd380000)
  from space 8704K, 49% used [0x00000000ddd00000,0x00000000de13b3d0,0x00000000de580000)
  to   space 9216K, 0% used [0x00000000dd380000,0x00000000dd380000,0x00000000ddc80000)
 ParOldGen       total 44032K, used 8973K [0x0000000080000000, 0x0000000082b00000, 0x00000000d5580000)
  object space 44032K, 20% used [0x0000000080000000,0x00000000808c34b0,0x0000000082b00000)
 Metaspace       used 20609K, capacity 21192K, committed 21248K, reserved 1067008K
  class space    used 2873K, capacity 3044K, committed 3072K, reserved 1048576K
Event: 3.644 GC heap after
Heap after GC invocations=9 (full 1):
 PSYoungGen      total 137728K, used 0K [0x00000000d5580000, 0x00000000de580000, 0x0000000100000000)
  eden space 129024K, 0% used [0x00000000d5580000,0x00000000d5580000,0x00000000dd380000)
  from space 8704K, 0% used [0x00000000ddd00000,0x00000000ddd00000,0x00000000de580000)
  to   space 9216K, 0% used [0x00000000dd380000,0x00000000dd380000,0x00000000ddc80000)
 ParOldGen       total 33280K, used 7228K [0x0000000080000000, 0x0000000082080000, 0x00000000d5580000)
  object space 33280K, 21% used [0x0000000080000000,0x000000008070f008,0x0000000082080000)
 Metaspace       used 20609K, capacity 21192K, committed 21248K, reserved 1067008K
  class space    used 2873K, capacity 3044K, committed 3072K, reserved 1048576K
}
Event: 5.318 GC heap before
{Heap before GC invocations=10 (full 1):
 PSYoungGen      total 137728K, used 129024K [0x00000000d5580000, 0x00000000de580000, 0x0000000100000000)
  eden space 129024K, 100% used [0x00000000d5580000,0x00000000dd380000,0x00000000dd380000)
  from space 8704K, 0% used [0x00000000ddd00000,0x00000000ddd00000,0x00000000de580000)
  to   space 9216K, 0% used [0x00000000dd380000,0x00000000dd380000,0x00000000ddc80000)
 ParOldGen       total 33280K, used 7228K [0x0000000080000000, 0x0000000082080000, 0x00000000d5580000)
  object space 33280K, 21% used [0x0000000080000000,0x000000008070f008,0x0000000082080000)
 Metaspace       used 32745K, capacity 33796K, committed 34048K, reserved 1079296K
  class space    used 4471K, capacity 4750K, committed 4864K, reserved 1048576K
Event: 5.338 GC heap after
Heap after GC invocations=10 (full 1):
 PSYoungGen      total 138240K, used 9213K [0x00000000d5580000, 0x00000000de580000, 0x0000000100000000)
  eden space 129024K, 0% used [0x00000000d5580000,0x00000000d5580000,0x00000000dd380000)
  from space 9216K, 99% used [0x00000000dd380000,0x00000000ddc7f6a8,0x00000000ddc80000)
  to   space 8704K, 0% used [0x00000000ddd00000,0x00000000ddd00000,0x00000000de580000)
 ParOldGen       total 33280K, used 11955K [0x0000000080000000, 0x0000000082080000, 0x00000000d5580000)
  object space 33280K, 35% used [0x0000000080000000,0x0000000080baced8,0x0000000082080000)
 Metaspace       used 32745K, capacity 33796K, committed 34048K, reserved 1079296K
  class space    used 4471K, capacity 4750K, committed 4864K, reserved 1048576K
}
Event: 5.641 GC heap before
{Heap before GC invocations=11 (full 1):
 PSYoungGen      total 138240K, used 38756K [0x00000000d5580000, 0x00000000de580000, 0x0000000100000000)
  eden space 129024K, 22% used [0x00000000d5580000,0x00000000d7259be8,0x00000000dd380000)
  from space 9216K, 99% used [0x00000000dd380000,0x00000000ddc7f6a8,0x00000000ddc80000)
  to   space 8704K, 0% used [0x00000000ddd00000,0x00000000ddd00000,0x00000000de580000)
 ParOldGen       total 33280K, used 11955K [0x0000000080000000, 0x0000000082080000, 0x00000000d5580000)
  object space 33280K, 35% used [0x0000000080000000,0x0000000080baced8,0x0000000082080000)
 Metaspace       used 34205K, capacity 35316K, committed 35416K, reserved 1079296K
  class space    used 4707K, capacity 4969K, committed 4992K, reserved 1048576K
Event: 5.655 GC heap after
Heap after GC invocations=11 (full 1):
 PSYoungGen      total 137728K, used 8024K [0x00000000d5580000, 0x00000000de580000, 0x0000000100000000)
  eden space 129024K, 0% used [0x00000000d5580000,0x00000000d5580000,0x00000000dd380000)
  from space 8704K, 92% used [0x00000000ddd00000,0x00000000de4d6310,0x00000000de580000)
  to   space 9216K, 0% used [0x00000000dd380000,0x00000000dd380000,0x00000000ddc80000)
 ParOldGen       total 33280K, used 11963K [0x0000000080000000, 0x0000000082080000, 0x00000000d5580000)
  object space 33280K, 35% used [0x0000000080000000,0x0000000080baeed8,0x0000000082080000)
 Metaspace       used 34205K, capacity 35316K, committed 35416K, reserved 1079296K
  class space    used 4707K, capacity 4969K, committed 4992K, reserved 1048576K
}
Event: 5.655 GC heap before
{Heap before GC invocations=12 (full 2):
 PSYoungGen      total 137728K, used 8024K [0x00000000d5580000, 0x00000000de580000, 0x0000000100000000)
  eden space 129024K, 0% used [0x00000000d5580000,0x00000000d5580000,0x00000000dd380000)
  from space 8704K, 92% used [0x00000000ddd00000,0x00000000de4d6310,0x00000000de580000)
  to   space 9216K, 0% used [0x00000000dd380000,0x00000000dd380000,0x00000000ddc80000)
 ParOldGen       total 33280K, used 11963K [0x0000000080000000, 0x0000000082080000, 0x00000000d5580000)
  object space 33280K, 35% used [0x0000000080000000,0x0000000080baeed8,0x0000000082080000)
 Metaspace       used 34205K, capacity 35316K, committed 35416K, reserved 1079296K
  class space    used 4707K, capacity 4969K, committed 4992K, reserved 1048576K
Event: 5.723 GC heap after
Heap after GC invocations=12 (full 2):
 PSYoungGen      total 137728K, used 0K [0x00000000d5580000, 0x00000000de580000, 0x0000000100000000)
  eden space 129024K, 0% used [0x00000000d5580000,0x00000000d5580000,0x00000000dd380000)
  from space 8704K, 0% used [0x00000000ddd00000,0x00000000ddd00000,0x00000000de580000)
  to   space 9216K, 0% used [0x00000000dd380000,0x00000000dd380000,0x00000000ddc80000)
 ParOldGen       total 51712K, used 14562K [0x0000000080000000, 0x0000000083280000, 0x00000000d5580000)
  object space 51712K, 28% used [0x0000000080000000,0x0000000080e38a60,0x0000000083280000)
 Metaspace       used 34205K, capacity 35316K, committed 35416K, reserved 1079296K
  class space    used 4707K, capacity 4969K, committed 4992K, reserved 1048576K
}

