# JRE version: OpenJDK Runtime Environment (8.0_242-b01) (build 1.8.0_242-release-1644-b01)
# Java VM: OpenJDK 64-Bit Server VM (25.242-b01 mixed mode windows-amd64 compressed oops)
Heap:
 PSYoungGen      total 334336K, used 288705K [0x00000000d5580000, 0x00000000f0300000, 0x0000000100000000)
  eden space 300544K, 96% used [0x00000000d5580000,0x00000000e6f70468,0x00000000e7b00000)
  from space 33792K, 0% used [0x00000000ee200000,0x00000000ee200000,0x00000000f0300000)
  to   space 36352K, 0% used [0x00000000e7b00000,0x00000000e7b00000,0x00000000e9e80000)
 ParOldGen       total 90624K, used 64463K [0x0000000080000000, 0x0000000085880000, 0x00000000d5580000)
  object space 90624K, 71% used [0x0000000080000000,0x0000000083ef3cd8,0x0000000085880000)
 Metaspace       used 89664K, capacity 94272K, committed 94360K, reserved 1130496K
  class space    used 11868K, capacity 12712K, committed 12720K, reserved 1048576K
GC Heap History (10 events):
Event: 15.774 GC heap before
{Heap before GC invocations=17 (full 3):
 PSYoungGen      total 268288K, used 268257K [0x00000000d5580000, 0x00000000eb780000, 0x0000000100000000)
  eden space 246784K, 100% used [0x00000000d5580000,0x00000000e4680000,0x00000000e4680000)
  from space 21504K, 99% used [0x00000000e4680000,0x00000000e5b78478,0x00000000e5b80000)
  to   space 25600K, 0% used [0x00000000e9e80000,0x00000000e9e80000,0x00000000eb780000)
 ParOldGen       total 81920K, used 38650K [0x0000000080000000, 0x0000000085000000, 0x00000000d5580000)
  object space 81920K, 47% used [0x0000000080000000,0x00000000825be848,0x0000000085000000)
 Metaspace       used 78898K, capacity 83112K, committed 83224K, reserved 1120256K
  class space    used 10903K, capacity 11732K, committed 11824K, reserved 1048576K
Event: 15.838 GC heap after
Heap after GC invocations=17 (full 3):
 PSYoungGen      total 326144K, used 25591K [0x00000000d5580000, 0x00000000ece00000, 0x0000000100000000)
  eden space 300544K, 0% used [0x00000000d5580000,0x00000000d5580000,0x00000000e7b00000)
  from space 25600K, 99% used [0x00000000e9e80000,0x00000000eb77de30,0x00000000eb780000)
  to   space 36352K, 0% used [0x00000000e7b00000,0x00000000e7b00000,0x00000000e9e80000)
 ParOldGen       total 81920K, used 55891K [0x0000000080000000, 0x0000000085000000, 0x00000000d5580000)
  object space 81920K, 68% used [0x0000000080000000,0x0000000083694ef0,0x0000000085000000)
 Metaspace       used 78898K, capacity 83112K, committed 83224K, reserved 1120256K
  class space    used 10903K, capacity 11732K, committed 11824K, reserved 1048576K
}
Event: 19.234 GC heap before
{Heap before GC invocations=18 (full 3):
 PSYoungGen      total 326144K, used 326135K [0x00000000d5580000, 0x00000000ece00000, 0x0000000100000000)
  eden space 300544K, 100% used [0x00000000d5580000,0x00000000e7b00000,0x00000000e7b00000)
  from space 25600K, 99% used [0x00000000e9e80000,0x00000000eb77de30,0x00000000eb780000)
  to   space 36352K, 0% used [0x00000000e7b00000,0x00000000e7b00000,0x00000000e9e80000)
 ParOldGen       total 81920K, used 55891K [0x0000000080000000, 0x0000000085000000, 0x00000000d5580000)
  object space 81920K, 68% used [0x0000000080000000,0x0000000083694ef0,0x0000000085000000)
 Metaspace       used 84996K, capacity 89408K, committed 89624K, reserved 1126400K
  class space    used 11676K, capacity 12516K, committed 12592K, reserved 1048576K
Event: 19.264 GC heap after
Heap after GC invocations=18 (full 3):
 PSYoungGen      total 336896K, used 12742K [0x00000000d5580000, 0x00000000f0300000, 0x0000000100000000)
  eden space 300544K, 0% used [0x00000000d5580000,0x00000000d5580000,0x00000000e7b00000)
  from space 36352K, 35% used [0x00000000e7b00000,0x00000000e8771940,0x00000000e9e80000)
  to   space 33792K, 0% used [0x00000000ee200000,0x00000000ee200000,0x00000000f0300000)
 ParOldGen       total 81920K, used 63726K [0x0000000080000000, 0x0000000085000000, 0x00000000d5580000)
  object space 81920K, 77% used [0x0000000080000000,0x0000000083e3bac0,0x0000000085000000)
 Metaspace       used 84996K, capacity 89408K, committed 89624K, reserved 1126400K
  class space    used 11676K, capacity 12516K, committed 12592K, reserved 1048576K
}
Event: 182.923 GC heap before
{Heap before GC invocations=19 (full 3):
 PSYoungGen      total 336896K, used 313286K [0x00000000d5580000, 0x00000000f0300000, 0x0000000100000000)
  eden space 300544K, 100% used [0x00000000d5580000,0x00000000e7b00000,0x00000000e7b00000)
  from space 36352K, 35% used [0x00000000e7b00000,0x00000000e8771940,0x00000000e9e80000)
  to   space 33792K, 0% used [0x00000000ee200000,0x00000000ee200000,0x00000000f0300000)
 ParOldGen       total 81920K, used 63726K [0x0000000080000000, 0x0000000085000000, 0x00000000d5580000)
  object space 81920K, 77% used [0x0000000080000000,0x0000000083e3bac0,0x0000000085000000)
 Metaspace       used 88687K, capacity 93176K, committed 93336K, reserved 1130496K
  class space    used 11862K, capacity 12706K, committed 12720K, reserved 1048576K
Event: 183.052 GC heap after
Heap after GC invocations=19 (full 3):
 PSYoungGen      total 334336K, used 33764K [0x00000000d5580000, 0x00000000f0300000, 0x0000000100000000)
  eden space 300544K, 0% used [0x00000000d5580000,0x00000000d5580000,0x00000000e7b00000)
  from space 33792K, 99% used [0x00000000ee200000,0x00000000f02f93c8,0x00000000f0300000)
  to   space 36352K, 0% used [0x00000000e7b00000,0x00000000e7b00000,0x00000000e9e80000)
 ParOldGen       total 90624K, used 90241K [0x0000000080000000, 0x0000000085880000, 0x00000000d5580000)
  object space 90624K, 99% used [0x0000000080000000,0x00000000858207d8,0x0000000085880000)
 Metaspace       used 88687K, capacity 93176K, committed 93336K, reserved 1130496K
  class space    used 11862K, capacity 12706K, committed 12720K, reserved 1048576K
}
Event: 183.052 GC heap before
{Heap before GC invocations=20 (full 4):
 PSYoungGen      total 334336K, used 33764K [0x00000000d5580000, 0x00000000f0300000, 0x0000000100000000)
  eden space 300544K, 0% used [0x00000000d5580000,0x00000000d5580000,0x00000000e7b00000)
  from space 33792K, 99% used [0x00000000ee200000,0x00000000f02f93c8,0x00000000f0300000)
  to   space 36352K, 0% used [0x00000000e7b00000,0x00000000e7b00000,0x00000000e9e80000)
 ParOldGen       total 90624K, used 90241K [0x0000000080000000, 0x0000000085880000, 0x00000000d5580000)
  object space 90624K, 99% used [0x0000000080000000,0x00000000858207d8,0x0000000085880000)
 Metaspace       used 88687K, capacity 93176K, committed 93336K, reserved 1130496K
  class space    used 11862K, capacity 12706K, committed 12720K, reserved 1048576K
Event: 183.626 GC heap after
Heap after GC invocations=20 (full 4):
 PSYoungGen      total 334336K, used 15765K [0x00000000d5580000, 0x00000000f0300000, 0x0000000100000000)
  eden space 300544K, 0% used [0x00000000d5580000,0x00000000d5580000,0x00000000e7b00000)
  from space 33792K, 46% used [0x00000000ee200000,0x00000000ef1656e0,0x00000000f0300000)
  to   space 36352K, 0% used [0x00000000e7b00000,0x00000000e7b00000,0x00000000e9e80000)
 ParOldGen       total 90624K, used 87089K [0x0000000080000000, 0x0000000085880000, 0x00000000d5580000)
  object space 90624K, 96% used [0x0000000080000000,0x000000008550c580,0x0000000085880000)
 Metaspace       used 88589K, capacity 92882K, committed 93336K, reserved 1130496K
  class space    used 11830K, capacity 12649K, committed 12720K, reserved 1048576K
}
Event: 225.955 GC heap before
{Heap before GC invocations=21 (full 5):
 PSYoungGen      total 334336K, used 316309K [0x00000000d5580000, 0x00000000f0300000, 0x0000000100000000)
  eden space 300544K, 100% used [0x00000000d5580000,0x00000000e7b00000,0x00000000e7b00000)
  from space 33792K, 46% used [0x00000000ee200000,0x00000000ef1656e0,0x00000000f0300000)
  to   space 36352K, 0% used [0x00000000e7b00000,0x00000000e7b00000,0x00000000e9e80000)
 ParOldGen       total 90624K, used 87089K [0x0000000080000000, 0x0000000085880000, 0x00000000d5580000)
  object space 90624K, 96% used [0x0000000080000000,0x000000008550c580,0x0000000085880000)
 Metaspace       used 89271K, capacity 93670K, committed 93848K, reserved 1130496K
  class space    used 11850K, capacity 12679K, committed 12720K, reserved 1048576K
Event: 226.128 GC heap after
Heap after GC invocations=21 (full 5):
 PSYoungGen      total 334336K, used 0K [0x00000000d5580000, 0x00000000f0300000, 0x0000000100000000)
  eden space 300544K, 0% used [0x00000000d5580000,0x00000000d5580000,0x00000000e7b00000)
  from space 33792K, 0% used [0x00000000ee200000,0x00000000ee200000,0x00000000f0300000)
  to   space 36352K, 0% used [0x00000000e7b00000,0x00000000e7b00000,0x00000000e9e80000)
 ParOldGen       total 90624K, used 64463K [0x0000000080000000, 0x0000000085880000, 0x00000000d5580000)
  object space 90624K, 71% used [0x0000000080000000,0x0000000083ef3cd8,0x0000000085880000)
 Metaspace       used 89271K, capacity 93670K, committed 93848K, reserved 1130496K
  class space    used 11850K, capacity 12679K, committed 12720K, reserved 1048576K
}

