# JRE version: OpenJDK Runtime Environment (8.0_242-b01) (build 1.8.0_242-release-1644-b01)
# Java VM: OpenJDK 64-Bit Server VM (25.242-b01 mixed mode windows-amd64 compressed oops)
Heap:
 PSYoungGen      total 214016K, used 6464K [0x00000000d5580000, 0x00000000e4580000, 0x0000000100000000)
  eden space 200192K, 3% used [0x00000000d5580000,0x00000000d5bd00f8,0x00000000e1900000)
  from space 13824K, 0% used [0x00000000e2680000,0x00000000e2680000,0x00000000e3400000)
  to   space 13824K, 0% used [0x00000000e1900000,0x00000000e1900000,0x00000000e2680000)
 ParOldGen       total 59392K, used 14465K [0x0000000080000000, 0x0000000083a00000, 0x00000000d5580000)
  object space 59392K, 24% used [0x0000000080000000,0x0000000080e205c0,0x0000000083a00000)
 Metaspace       used 34441K, capacity 35612K, committed 35752K, reserved 1079296K
  class space    used 4738K, capacity 5003K, committed 5040K, reserved 1048576K
GC Heap History (10 events):
Event: 4.123 GC heap before
{Heap before GC invocations=6 (full 0):
 PSYoungGen      total 68096K, used 45112K [0x00000000d5580000, 0x00000000de780000, 0x0000000100000000)
  eden space 65536K, 64% used [0x00000000d5580000,0x00000000d7f120a0,0x00000000d9580000)
  from space 2560K, 99% used [0x00000000d9580000,0x00000000d97fc010,0x00000000d9800000)
  to   space 9216K, 0% used [0x00000000dde80000,0x00000000dde80000,0x00000000de780000)
 ParOldGen       total 44032K, used 11036K [0x0000000080000000, 0x0000000082b00000, 0x00000000d5580000)
  object space 44032K, 25% used [0x0000000080000000,0x0000000080ac7278,0x0000000082b00000)
 Metaspace       used 20606K, capacity 21224K, committed 21296K, reserved 1067008K
  class space    used 2877K, capacity 3076K, committed 3120K, reserved 1048576K
Event: 4.136 GC heap after
Heap after GC invocations=6 (full 0):
 PSYoungGen      total 139776K, used 7144K [0x00000000d5580000, 0x00000000de880000, 0x0000000100000000)
  eden space 130560K, 0% used [0x00000000d5580000,0x00000000d5580000,0x00000000dd500000)
  from space 9216K, 77% used [0x00000000dde80000,0x00000000de57a188,0x00000000de780000)
  to   space 9728K, 0% used [0x00000000dd500000,0x00000000dd500000,0x00000000dde80000)
 ParOldGen       total 44032K, used 11044K [0x0000000080000000, 0x0000000082b00000, 0x00000000d5580000)
  object space 44032K, 25% used [0x0000000080000000,0x0000000080ac9278,0x0000000082b00000)
 Metaspace       used 20606K, capacity 21224K, committed 21296K, reserved 1067008K
  class space    used 2877K, capacity 3076K, committed 3120K, reserved 1048576K
}
Event: 4.136 GC heap before
{Heap before GC invocations=7 (full 1):
 PSYoungGen      total 139776K, used 7144K [0x00000000d5580000, 0x00000000de880000, 0x0000000100000000)
  eden space 130560K, 0% used [0x00000000d5580000,0x00000000d5580000,0x00000000dd500000)
  from space 9216K, 77% used [0x00000000dde80000,0x00000000de57a188,0x00000000de780000)
  to   space 9728K, 0% used [0x00000000dd500000,0x00000000dd500000,0x00000000dde80000)
 ParOldGen       total 44032K, used 11044K [0x0000000080000000, 0x0000000082b00000, 0x00000000d5580000)
  object space 44032K, 25% used [0x0000000080000000,0x0000000080ac9278,0x0000000082b00000)
 Metaspace       used 20606K, capacity 21224K, committed 21296K, reserved 1067008K
  class space    used 2877K, capacity 3076K, committed 3120K, reserved 1048576K
Event: 4.190 GC heap after
Heap after GC invocations=7 (full 1):
 PSYoungGen      total 139776K, used 0K [0x00000000d5580000, 0x00000000de880000, 0x0000000100000000)
  eden space 130560K, 0% used [0x00000000d5580000,0x00000000d5580000,0x00000000dd500000)
  from space 9216K, 0% used [0x00000000dde80000,0x00000000dde80000,0x00000000de780000)
  to   space 9728K, 0% used [0x00000000dd500000,0x00000000dd500000,0x00000000dde80000)
 ParOldGen       total 42496K, used 11548K [0x0000000080000000, 0x0000000082980000, 0x00000000d5580000)
  object space 42496K, 27% used [0x0000000080000000,0x0000000080b47170,0x0000000082980000)
 Metaspace       used 20606K, capacity 21224K, committed 21296K, reserved 1067008K
  class space    used 2877K, capacity 3076K, committed 3120K, reserved 1048576K
}
Event: 6.031 GC heap before
{Heap before GC invocations=8 (full 1):
 PSYoungGen      total 139776K, used 130560K [0x00000000d5580000, 0x00000000de880000, 0x0000000100000000)
  eden space 130560K, 100% used [0x00000000d5580000,0x00000000dd500000,0x00000000dd500000)
  from space 9216K, 0% used [0x00000000dde80000,0x00000000dde80000,0x00000000de780000)
  to   space 9728K, 0% used [0x00000000dd500000,0x00000000dd500000,0x00000000dde80000)
 ParOldGen       total 42496K, used 11548K [0x0000000080000000, 0x0000000082980000, 0x00000000d5580000)
  object space 42496K, 27% used [0x0000000080000000,0x0000000080b47170,0x0000000082980000)
 Metaspace       used 32849K, capacity 33860K, committed 33968K, reserved 1079296K
  class space    used 4484K, capacity 4750K, committed 4784K, reserved 1048576K
Event: 6.062 GC heap after
Heap after GC invocations=8 (full 1):
 PSYoungGen      total 140288K, used 9725K [0x00000000d5580000, 0x00000000e3400000, 0x0000000100000000)
  eden space 130560K, 0% used [0x00000000d5580000,0x00000000d5580000,0x00000000dd500000)
  from space 9728K, 99% used [0x00000000dd500000,0x00000000dde7f488,0x00000000dde80000)
  to   space 13824K, 0% used [0x00000000e2680000,0x00000000e2680000,0x00000000e3400000)
 ParOldGen       total 42496K, used 15998K [0x0000000080000000, 0x0000000082980000, 0x00000000d5580000)
  object space 42496K, 37% used [0x0000000080000000,0x0000000080f9f878,0x0000000082980000)
 Metaspace       used 32849K, capacity 33860K, committed 33968K, reserved 1079296K
  class space    used 4484K, capacity 4750K, committed 4784K, reserved 1048576K
}
Event: 6.394 GC heap before
{Heap before GC invocations=9 (full 1):
 PSYoungGen      total 140288K, used 37806K [0x00000000d5580000, 0x00000000e3400000, 0x0000000100000000)
  eden space 130560K, 21% used [0x00000000d5580000,0x00000000d70ec568,0x00000000dd500000)
  from space 9728K, 99% used [0x00000000dd500000,0x00000000dde7f488,0x00000000dde80000)
  to   space 13824K, 0% used [0x00000000e2680000,0x00000000e2680000,0x00000000e3400000)
 ParOldGen       total 42496K, used 15998K [0x0000000080000000, 0x0000000082980000, 0x00000000d5580000)
  object space 42496K, 37% used [0x0000000080000000,0x0000000080f9f878,0x0000000082980000)
 Metaspace       used 34262K, capacity 35412K, committed 35496K, reserved 1079296K
  class space    used 4714K, capacity 5001K, committed 5040K, reserved 1048576K
Event: 6.415 GC heap after
Heap after GC invocations=9 (full 1):
 PSYoungGen      total 214016K, used 7931K [0x00000000d5580000, 0x00000000e4580000, 0x0000000100000000)
  eden space 200192K, 0% used [0x00000000d5580000,0x00000000d5580000,0x00000000e1900000)
  from space 13824K, 57% used [0x00000000e2680000,0x00000000e2e3ee30,0x00000000e3400000)
  to   space 13824K, 0% used [0x00000000e1900000,0x00000000e1900000,0x00000000e2680000)
 ParOldGen       total 42496K, used 16006K [0x0000000080000000, 0x0000000082980000, 0x00000000d5580000)
  object space 42496K, 37% used [0x0000000080000000,0x0000000080fa1878,0x0000000082980000)
 Metaspace       used 34262K, capacity 35412K, committed 35496K, reserved 1079296K
  class space    used 4714K, capacity 5001K, committed 5040K, reserved 1048576K
}
Event: 6.415 GC heap before
{Heap before GC invocations=10 (full 2):
 PSYoungGen      total 214016K, used 7931K [0x00000000d5580000, 0x00000000e4580000, 0x0000000100000000)
  eden space 200192K, 0% used [0x00000000d5580000,0x00000000d5580000,0x00000000e1900000)
  from space 13824K, 57% used [0x00000000e2680000,0x00000000e2e3ee30,0x00000000e3400000)
  to   space 13824K, 0% used [0x00000000e1900000,0x00000000e1900000,0x00000000e2680000)
 ParOldGen       total 42496K, used 16006K [0x0000000080000000, 0x0000000082980000, 0x00000000d5580000)
  object space 42496K, 37% used [0x0000000080000000,0x0000000080fa1878,0x0000000082980000)
 Metaspace       used 34262K, capacity 35412K, committed 35496K, reserved 1079296K
  class space    used 4714K, capacity 5001K, committed 5040K, reserved 1048576K
Event: 6.520 GC heap after
Heap after GC invocations=10 (full 2):
 PSYoungGen      total 214016K, used 0K [0x00000000d5580000, 0x00000000e4580000, 0x0000000100000000)
  eden space 200192K, 0% used [0x00000000d5580000,0x00000000d5580000,0x00000000e1900000)
  from space 13824K, 0% used [0x00000000e2680000,0x00000000e2680000,0x00000000e3400000)
  to   space 13824K, 0% used [0x00000000e1900000,0x00000000e1900000,0x00000000e2680000)
 ParOldGen       total 59392K, used 14465K [0x0000000080000000, 0x0000000083a00000, 0x00000000d5580000)
  object space 59392K, 24% used [0x0000000080000000,0x0000000080e205c0,0x0000000083a00000)
 Metaspace       used 34262K, capacity 35412K, committed 35496K, reserved 1079296K
  class space    used 4714K, capacity 5001K, committed 5040K, reserved 1048576K
}

