# JRE version: OpenJDK Runtime Environment (8.0_242-b01) (build 1.8.0_242-release-1644-b01)
# Java VM: OpenJDK 64-Bit Server VM (25.242-b01 mixed mode windows-amd64 compressed oops)
Heap:
 PSYoungGen      total 192512K, used 20474K [0x00000000d5580000, 0x00000000e2400000, 0x0000000100000000)
  eden space 180224K, 11% used [0x00000000d5580000,0x00000000d697ebd8,0x00000000e0580000)
  from space 12288K, 0% used [0x00000000e1200000,0x00000000e1200000,0x00000000e1e00000)
  to   space 12800K, 0% used [0x00000000e0580000,0x00000000e0580000,0x00000000e1200000)
 ParOldGen       total 49664K, used 14594K [0x0000000080000000, 0x0000000083080000, 0x00000000d5580000)
  object space 49664K, 29% used [0x0000000080000000,0x0000000080e40a40,0x0000000083080000)
 Metaspace       used 35451K, capacity 36656K, committed 37032K, reserved 1081344K
  class space    used 4878K, capacity 5169K, committed 5296K, reserved 1048576K
GC Heap History (10 events):
Event: 4.020 GC heap before
{Heap before GC invocations=8 (full 0):
 PSYoungGen      total 71168K, used 17316K [0x00000000d5580000, 0x00000000de680000, 0x0000000100000000)
  eden space 64512K, 16% used [0x00000000d5580000,0x00000000d5fef4c0,0x00000000d9480000)
  from space 6656K, 99% used [0x00000000d9480000,0x00000000d9af9bc8,0x00000000d9b00000)
  to   space 9728K, 0% used [0x00000000ddd00000,0x00000000ddd00000,0x00000000de680000)
 ParOldGen       total 44032K, used 8492K [0x0000000080000000, 0x0000000082b00000, 0x00000000d5580000)
  object space 44032K, 19% used [0x0000000080000000,0x000000008084b340,0x0000000082b00000)
 Metaspace       used 20607K, capacity 21224K, committed 21296K, reserved 1067008K
  class space    used 2877K, capacity 3076K, committed 3120K, reserved 1048576K
Event: 4.027 GC heap after
Heap after GC invocations=8 (full 0):
 PSYoungGen      total 137728K, used 4284K [0x00000000d5580000, 0x00000000de580000, 0x0000000100000000)
  eden space 129024K, 0% used [0x00000000d5580000,0x00000000d5580000,0x00000000dd380000)
  from space 8704K, 49% used [0x00000000ddd00000,0x00000000de12f3e0,0x00000000de580000)
  to   space 9216K, 0% used [0x00000000dd380000,0x00000000dd380000,0x00000000ddc80000)
 ParOldGen       total 44032K, used 8956K [0x0000000080000000, 0x0000000082b00000, 0x00000000d5580000)
  object space 44032K, 20% used [0x0000000080000000,0x00000000808bf340,0x0000000082b00000)
 Metaspace       used 20607K, capacity 21224K, committed 21296K, reserved 1067008K
  class space    used 2877K, capacity 3076K, committed 3120K, reserved 1048576K
}
Event: 4.027 GC heap before
{Heap before GC invocations=9 (full 1):
 PSYoungGen      total 137728K, used 4284K [0x00000000d5580000, 0x00000000de580000, 0x0000000100000000)
  eden space 129024K, 0% used [0x00000000d5580000,0x00000000d5580000,0x00000000dd380000)
  from space 8704K, 49% used [0x00000000ddd00000,0x00000000de12f3e0,0x00000000de580000)
  to   space 9216K, 0% used [0x00000000dd380000,0x00000000dd380000,0x00000000ddc80000)
 ParOldGen       total 44032K, used 8956K [0x0000000080000000, 0x0000000082b00000, 0x00000000d5580000)
  object space 44032K, 20% used [0x0000000080000000,0x00000000808bf340,0x0000000082b00000)
 Metaspace       used 20607K, capacity 21224K, committed 21296K, reserved 1067008K
  class space    used 2877K, capacity 3076K, committed 3120K, reserved 1048576K
Event: 4.078 GC heap after
Heap after GC invocations=9 (full 1):
 PSYoungGen      total 137728K, used 0K [0x00000000d5580000, 0x00000000de580000, 0x0000000100000000)
  eden space 129024K, 0% used [0x00000000d5580000,0x00000000d5580000,0x00000000dd380000)
  from space 8704K, 0% used [0x00000000ddd00000,0x00000000ddd00000,0x00000000de580000)
  to   space 9216K, 0% used [0x00000000dd380000,0x00000000dd380000,0x00000000ddc80000)
 ParOldGen       total 32768K, used 7250K [0x0000000080000000, 0x0000000082000000, 0x00000000d5580000)
  object space 32768K, 22% used [0x0000000080000000,0x0000000080714b30,0x0000000082000000)
 Metaspace       used 20607K, capacity 21224K, committed 21296K, reserved 1067008K
  class space    used 2877K, capacity 3076K, committed 3120K, reserved 1048576K
}
Event: 5.935 GC heap before
{Heap before GC invocations=10 (full 1):
 PSYoungGen      total 137728K, used 129024K [0x00000000d5580000, 0x00000000de580000, 0x0000000100000000)
  eden space 129024K, 100% used [0x00000000d5580000,0x00000000dd380000,0x00000000dd380000)
  from space 8704K, 0% used [0x00000000ddd00000,0x00000000ddd00000,0x00000000de580000)
  to   space 9216K, 0% used [0x00000000dd380000,0x00000000dd380000,0x00000000ddc80000)
 ParOldGen       total 32768K, used 7250K [0x0000000080000000, 0x0000000082000000, 0x00000000d5580000)
  object space 32768K, 22% used [0x0000000080000000,0x0000000080714b30,0x0000000082000000)
 Metaspace       used 32773K, capacity 33796K, committed 33968K, reserved 1079296K
  class space    used 4474K, capacity 4750K, committed 4784K, reserved 1048576K
Event: 5.952 GC heap after
Heap after GC invocations=10 (full 1):
 PSYoungGen      total 138240K, used 9207K [0x00000000d5580000, 0x00000000e1e00000, 0x0000000100000000)
  eden space 129024K, 0% used [0x00000000d5580000,0x00000000d5580000,0x00000000dd380000)
  from space 9216K, 99% used [0x00000000dd380000,0x00000000ddc7dd78,0x00000000ddc80000)
  to   space 12288K, 0% used [0x00000000e1200000,0x00000000e1200000,0x00000000e1e00000)
 ParOldGen       total 32768K, used 12001K [0x0000000080000000, 0x0000000082000000, 0x00000000d5580000)
  object space 32768K, 36% used [0x0000000080000000,0x0000000080bb8788,0x0000000082000000)
 Metaspace       used 32773K, capacity 33796K, committed 33968K, reserved 1079296K
  class space    used 4474K, capacity 4750K, committed 4784K, reserved 1048576K
}
Event: 6.285 GC heap before
{Heap before GC invocations=11 (full 1):
 PSYoungGen      total 138240K, used 38872K [0x00000000d5580000, 0x00000000e1e00000, 0x0000000100000000)
  eden space 129024K, 22% used [0x00000000d5580000,0x00000000d7278530,0x00000000dd380000)
  from space 9216K, 99% used [0x00000000dd380000,0x00000000ddc7dd78,0x00000000ddc80000)
  to   space 12288K, 0% used [0x00000000e1200000,0x00000000e1200000,0x00000000e1e00000)
 ParOldGen       total 32768K, used 12001K [0x0000000080000000, 0x0000000082000000, 0x00000000d5580000)
  object space 32768K, 36% used [0x0000000080000000,0x0000000080bb8788,0x0000000082000000)
 Metaspace       used 34262K, capacity 35412K, committed 35496K, reserved 1079296K
  class space    used 4714K, capacity 5001K, committed 5040K, reserved 1048576K
Event: 6.306 GC heap after
Heap after GC invocations=11 (full 1):
 PSYoungGen      total 192512K, used 8020K [0x00000000d5580000, 0x00000000e2400000, 0x0000000100000000)
  eden space 180224K, 0% used [0x00000000d5580000,0x00000000d5580000,0x00000000e0580000)
  from space 12288K, 65% used [0x00000000e1200000,0x00000000e19d5018,0x00000000e1e00000)
  to   space 12800K, 0% used [0x00000000e0580000,0x00000000e0580000,0x00000000e1200000)
 ParOldGen       total 32768K, used 12009K [0x0000000080000000, 0x0000000082000000, 0x00000000d5580000)
  object space 32768K, 36% used [0x0000000080000000,0x0000000080bba788,0x0000000082000000)
 Metaspace       used 34262K, capacity 35412K, committed 35496K, reserved 1079296K
  class space    used 4714K, capacity 5001K, committed 5040K, reserved 1048576K
}
Event: 6.306 GC heap before
{Heap before GC invocations=12 (full 2):
 PSYoungGen      total 192512K, used 8020K [0x00000000d5580000, 0x00000000e2400000, 0x0000000100000000)
  eden space 180224K, 0% used [0x00000000d5580000,0x00000000d5580000,0x00000000e0580000)
  from space 12288K, 65% used [0x00000000e1200000,0x00000000e19d5018,0x00000000e1e00000)
  to   space 12800K, 0% used [0x00000000e0580000,0x00000000e0580000,0x00000000e1200000)
 ParOldGen       total 32768K, used 12009K [0x0000000080000000, 0x0000000082000000, 0x00000000d5580000)
  object space 32768K, 36% used [0x0000000080000000,0x0000000080bba788,0x0000000082000000)
 Metaspace       used 34262K, capacity 35412K, committed 35496K, reserved 1079296K
  class space    used 4714K, capacity 5001K, committed 5040K, reserved 1048576K
Event: 6.380 GC heap after
Heap after GC invocations=12 (full 2):
 PSYoungGen      total 192512K, used 0K [0x00000000d5580000, 0x00000000e2400000, 0x0000000100000000)
  eden space 180224K, 0% used [0x00000000d5580000,0x00000000d5580000,0x00000000e0580000)
  from space 12288K, 0% used [0x00000000e1200000,0x00000000e1200000,0x00000000e1e00000)
  to   space 12800K, 0% used [0x00000000e0580000,0x00000000e0580000,0x00000000e1200000)
 ParOldGen       total 49664K, used 14594K [0x0000000080000000, 0x0000000083080000, 0x00000000d5580000)
  object space 49664K, 29% used [0x0000000080000000,0x0000000080e40a40,0x0000000083080000)
 Metaspace       used 34262K, capacity 35412K, committed 35496K, reserved 1079296K
  class space    used 4714K, capacity 5001K, committed 5040K, reserved 1048576K
}

