# JRE version: OpenJDK Runtime Environment (8.0_242-b01) (build 1.8.0_242-release-1644-b01)
# Java VM: OpenJDK 64-Bit Server VM (25.242-b01 mixed mode windows-amd64 compressed oops)
Heap:
 PSYoungGen      total 99328K, used 24521K [0x00000000d5580000, 0x00000000dc480000, 0x0000000100000000)
  eden space 89088K, 17% used [0x00000000d5580000,0x00000000d64afff8,0x00000000dac80000)
  from space 10240K, 87% used [0x00000000db780000,0x00000000dc042790,0x00000000dc180000)
  to   space 11264K, 0% used [0x00000000dac80000,0x00000000dac80000,0x00000000db780000)
 ParOldGen       total 32256K, used 8417K [0x0000000080000000, 0x0000000081f80000, 0x00000000d5580000)
  object space 32256K, 26% used [0x0000000080000000,0x0000000080838740,0x0000000081f80000)
 Metaspace       used 33677K, capacity 34780K, committed 34864K, reserved 1079296K
  class space    used 4615K, capacity 4861K, committed 4912K, reserved 1048576K
GC Heap History (10 events):
Event: 4.494 GC heap before
{Heap before GC invocations=7 (full 0):
 PSYoungGen      total 69632K, used 69604K [0x00000000d5580000, 0x00000000da380000, 0x0000000100000000)
  eden space 64000K, 100% used [0x00000000d5580000,0x00000000d9400000,0x00000000d9400000)
  from space 5632K, 99% used [0x00000000d9b00000,0x00000000da079310,0x00000000da080000)
  to   space 7168K, 0% used [0x00000000d9400000,0x00000000d9400000,0x00000000d9b00000)
 ParOldGen       total 44032K, used 5002K [0x0000000080000000, 0x0000000082b00000, 0x00000000d5580000)
  object space 44032K, 11% used [0x0000000080000000,0x00000000804e2a80,0x0000000082b00000)
 Metaspace       used 20055K, capacity 20738K, committed 20992K, reserved 1067008K
  class space    used 2788K, capacity 2979K, committed 3072K, reserved 1048576K
Event: 4.510 GC heap after
Heap after GC invocations=7 (full 0):
 PSYoungGen      total 71168K, used 7152K [0x00000000d5580000, 0x00000000da380000, 0x0000000100000000)
  eden space 64000K, 0% used [0x00000000d5580000,0x00000000d5580000,0x00000000d9400000)
  from space 7168K, 99% used [0x00000000d9400000,0x00000000d9afc340,0x00000000d9b00000)
  to   space 5632K, 0% used [0x00000000d9b00000,0x00000000d9b00000,0x00000000da080000)
 ParOldGen       total 44032K, used 8031K [0x0000000080000000, 0x0000000082b00000, 0x00000000d5580000)
  object space 44032K, 18% used [0x0000000080000000,0x00000000807d7e50,0x0000000082b00000)
 Metaspace       used 20055K, capacity 20738K, committed 20992K, reserved 1067008K
  class space    used 2788K, capacity 2979K, committed 3072K, reserved 1048576K
}
Event: 4.618 GC heap before
{Heap before GC invocations=8 (full 0):
 PSYoungGen      total 71168K, used 16512K [0x00000000d5580000, 0x00000000da380000, 0x0000000100000000)
  eden space 64000K, 14% used [0x00000000d5580000,0x00000000d5ea3df8,0x00000000d9400000)
  from space 7168K, 99% used [0x00000000d9400000,0x00000000d9afc340,0x00000000d9b00000)
  to   space 5632K, 0% used [0x00000000d9b00000,0x00000000d9b00000,0x00000000da080000)
 ParOldGen       total 44032K, used 8031K [0x0000000080000000, 0x0000000082b00000, 0x00000000d5580000)
  object space 44032K, 18% used [0x0000000080000000,0x00000000807d7e50,0x0000000082b00000)
 Metaspace       used 20619K, capacity 21224K, committed 21296K, reserved 1067008K
  class space    used 2878K, capacity 3076K, committed 3120K, reserved 1048576K
Event: 4.624 GC heap after
Heap after GC invocations=8 (full 0):
 PSYoungGen      total 69632K, used 4401K [0x00000000d5580000, 0x00000000da380000, 0x0000000100000000)
  eden space 64000K, 0% used [0x00000000d5580000,0x00000000d5580000,0x00000000d9400000)
  from space 5632K, 78% used [0x00000000d9b00000,0x00000000d9f4c4f8,0x00000000da080000)
  to   space 7168K, 0% used [0x00000000d9400000,0x00000000d9400000,0x00000000d9b00000)
 ParOldGen       total 44032K, used 8615K [0x0000000080000000, 0x0000000082b00000, 0x00000000d5580000)
  object space 44032K, 19% used [0x0000000080000000,0x0000000080869e50,0x0000000082b00000)
 Metaspace       used 20619K, capacity 21224K, committed 21296K, reserved 1067008K
  class space    used 2878K, capacity 3076K, committed 3120K, reserved 1048576K
}
Event: 4.624 GC heap before
{Heap before GC invocations=9 (full 1):
 PSYoungGen      total 69632K, used 4401K [0x00000000d5580000, 0x00000000da380000, 0x0000000100000000)
  eden space 64000K, 0% used [0x00000000d5580000,0x00000000d5580000,0x00000000d9400000)
  from space 5632K, 78% used [0x00000000d9b00000,0x00000000d9f4c4f8,0x00000000da080000)
  to   space 7168K, 0% used [0x00000000d9400000,0x00000000d9400000,0x00000000d9b00000)
 ParOldGen       total 44032K, used 8615K [0x0000000080000000, 0x0000000082b00000, 0x00000000d5580000)
  object space 44032K, 19% used [0x0000000080000000,0x0000000080869e50,0x0000000082b00000)
 Metaspace       used 20619K, capacity 21224K, committed 21296K, reserved 1067008K
  class space    used 2878K, capacity 3076K, committed 3120K, reserved 1048576K
Event: 4.668 GC heap after
Heap after GC invocations=9 (full 1):
 PSYoungGen      total 69632K, used 0K [0x00000000d5580000, 0x00000000da380000, 0x0000000100000000)
  eden space 64000K, 0% used [0x00000000d5580000,0x00000000d5580000,0x00000000d9400000)
  from space 5632K, 0% used [0x00000000d9b00000,0x00000000d9b00000,0x00000000da080000)
  to   space 7168K, 0% used [0x00000000d9400000,0x00000000d9400000,0x00000000d9b00000)
 ParOldGen       total 32256K, used 7284K [0x0000000080000000, 0x0000000081f80000, 0x00000000d5580000)
  object space 32256K, 22% used [0x0000000080000000,0x000000008071d2b0,0x0000000081f80000)
 Metaspace       used 20619K, capacity 21224K, committed 21296K, reserved 1067008K
  class space    used 2878K, capacity 3076K, committed 3120K, reserved 1048576K
}
Event: 5.606 GC heap before
{Heap before GC invocations=10 (full 1):
 PSYoungGen      total 69632K, used 64000K [0x00000000d5580000, 0x00000000da380000, 0x0000000100000000)
  eden space 64000K, 100% used [0x00000000d5580000,0x00000000d9400000,0x00000000d9400000)
  from space 5632K, 0% used [0x00000000d9b00000,0x00000000d9b00000,0x00000000da080000)
  to   space 7168K, 0% used [0x00000000d9400000,0x00000000d9400000,0x00000000d9b00000)
 ParOldGen       total 32256K, used 7284K [0x0000000080000000, 0x0000000081f80000, 0x00000000d5580000)
  object space 32256K, 22% used [0x0000000080000000,0x000000008071d2b0,0x0000000081f80000)
 Metaspace       used 28684K, capacity 29540K, committed 29616K, reserved 1075200K
  class space    used 3970K, capacity 4220K, committed 4272K, reserved 1048576K
Event: 5.617 GC heap after
Heap after GC invocations=10 (full 1):
 PSYoungGen      total 71168K, used 7166K [0x00000000d5580000, 0x00000000dc180000, 0x0000000100000000)
  eden space 64000K, 0% used [0x00000000d5580000,0x00000000d5580000,0x00000000d9400000)
  from space 7168K, 99% used [0x00000000d9400000,0x00000000d9affa98,0x00000000d9b00000)
  to   space 10240K, 0% used [0x00000000db780000,0x00000000db780000,0x00000000dc180000)
 ParOldGen       total 32256K, used 8409K [0x0000000080000000, 0x0000000081f80000, 0x00000000d5580000)
  object space 32256K, 26% used [0x0000000080000000,0x0000000080836740,0x0000000081f80000)
 Metaspace       used 28684K, capacity 29540K, committed 29616K, reserved 1075200K
  class space    used 3970K, capacity 4220K, committed 4272K, reserved 1048576K
}
Event: 6.363 GC heap before
{Heap before GC invocations=11 (full 1):
 PSYoungGen      total 71168K, used 71166K [0x00000000d5580000, 0x00000000dc180000, 0x0000000100000000)
  eden space 64000K, 100% used [0x00000000d5580000,0x00000000d9400000,0x00000000d9400000)
  from space 7168K, 99% used [0x00000000d9400000,0x00000000d9affa98,0x00000000d9b00000)
  to   space 10240K, 0% used [0x00000000db780000,0x00000000db780000,0x00000000dc180000)
 ParOldGen       total 32256K, used 8409K [0x0000000080000000, 0x0000000081f80000, 0x00000000d5580000)
  object space 32256K, 26% used [0x0000000080000000,0x0000000080836740,0x0000000081f80000)
 Metaspace       used 32778K, capacity 33732K, committed 33968K, reserved 1079296K
  class space    used 4476K, capacity 4750K, committed 4784K, reserved 1048576K
Event: 6.386 GC heap after
Heap after GC invocations=11 (full 1):
 PSYoungGen      total 99328K, used 8969K [0x00000000d5580000, 0x00000000dc480000, 0x0000000100000000)
  eden space 89088K, 0% used [0x00000000d5580000,0x00000000d5580000,0x00000000dac80000)
  from space 10240K, 87% used [0x00000000db780000,0x00000000dc042790,0x00000000dc180000)
  to   space 11264K, 0% used [0x00000000dac80000,0x00000000dac80000,0x00000000db780000)
 ParOldGen       total 32256K, used 8417K [0x0000000080000000, 0x0000000081f80000, 0x00000000d5580000)
  object space 32256K, 26% used [0x0000000080000000,0x0000000080838740,0x0000000081f80000)
 Metaspace       used 32778K, capacity 33732K, committed 33968K, reserved 1079296K
  class space    used 4476K, capacity 4750K, committed 4784K, reserved 1048576K
}

