# JRE version: OpenJDK Runtime Environment (8.0_242-b01) (build 1.8.0_242-release-1644-b01)
# Java VM: OpenJDK 64-Bit Server VM (25.242-b01 mixed mode windows-amd64 compressed oops)
Heap:
 PSYoungGen      total 139776K, used 51793K [0x00000000d5580000, 0x00000000de880000, 0x0000000100000000)
  eden space 130560K, 39% used [0x00000000d5580000,0x00000000d88144c8,0x00000000dd500000)
  from space 9216K, 0% used [0x00000000dde80000,0x00000000dde80000,0x00000000de780000)
  to   space 9728K, 0% used [0x00000000dd500000,0x00000000dd500000,0x00000000dde80000)
 ParOldGen       total 45568K, used 14456K [0x0000000080000000, 0x0000000082c80000, 0x00000000d5580000)
  object space 45568K, 31% used [0x0000000080000000,0x0000000080e1e1e0,0x0000000082c80000)
 Metaspace       used 36217K, capacity 37526K, committed 37800K, reserved 1081344K
  class space    used 4967K, capacity 5250K, committed 5296K, reserved 1048576K
GC Heap History (10 events):
Event: 4.146 GC heap before
{Heap before GC invocations=6 (full 0):
 PSYoungGen      total 68096K, used 45099K [0x00000000d5580000, 0x00000000de780000, 0x0000000100000000)
  eden space 65536K, 64% used [0x00000000d5580000,0x00000000d7f0edb0,0x00000000d9580000)
  from space 2560K, 99% used [0x00000000d9580000,0x00000000d97fc030,0x00000000d9800000)
  to   space 9216K, 0% used [0x00000000dde80000,0x00000000dde80000,0x00000000de780000)
 ParOldGen       total 44032K, used 11049K [0x0000000080000000, 0x0000000082b00000, 0x00000000d5580000)
  object space 44032K, 25% used [0x0000000080000000,0x0000000080aca400,0x0000000082b00000)
 Metaspace       used 20622K, capacity 21224K, committed 21296K, reserved 1067008K
  class space    used 2878K, capacity 3076K, committed 3120K, reserved 1048576K
Event: 4.165 GC heap after
Heap after GC invocations=6 (full 0):
 PSYoungGen      total 139776K, used 7217K [0x00000000d5580000, 0x00000000de880000, 0x0000000100000000)
  eden space 130560K, 0% used [0x00000000d5580000,0x00000000d5580000,0x00000000dd500000)
  from space 9216K, 78% used [0x00000000dde80000,0x00000000de58c440,0x00000000de780000)
  to   space 9728K, 0% used [0x00000000dd500000,0x00000000dd500000,0x00000000dde80000)
 ParOldGen       total 44032K, used 11049K [0x0000000080000000, 0x0000000082b00000, 0x00000000d5580000)
  object space 44032K, 25% used [0x0000000080000000,0x0000000080aca400,0x0000000082b00000)
 Metaspace       used 20622K, capacity 21224K, committed 21296K, reserved 1067008K
  class space    used 2878K, capacity 3076K, committed 3120K, reserved 1048576K
}
Event: 4.165 GC heap before
{Heap before GC invocations=7 (full 1):
 PSYoungGen      total 139776K, used 7217K [0x00000000d5580000, 0x00000000de880000, 0x0000000100000000)
  eden space 130560K, 0% used [0x00000000d5580000,0x00000000d5580000,0x00000000dd500000)
  from space 9216K, 78% used [0x00000000dde80000,0x00000000de58c440,0x00000000de780000)
  to   space 9728K, 0% used [0x00000000dd500000,0x00000000dd500000,0x00000000dde80000)
 ParOldGen       total 44032K, used 11049K [0x0000000080000000, 0x0000000082b00000, 0x00000000d5580000)
  object space 44032K, 25% used [0x0000000080000000,0x0000000080aca400,0x0000000082b00000)
 Metaspace       used 20622K, capacity 21224K, committed 21296K, reserved 1067008K
  class space    used 2878K, capacity 3076K, committed 3120K, reserved 1048576K
Event: 4.219 GC heap after
Heap after GC invocations=7 (full 1):
 PSYoungGen      total 139776K, used 0K [0x00000000d5580000, 0x00000000de880000, 0x0000000100000000)
  eden space 130560K, 0% used [0x00000000d5580000,0x00000000d5580000,0x00000000dd500000)
  from space 9216K, 0% used [0x00000000dde80000,0x00000000dde80000,0x00000000de780000)
  to   space 9728K, 0% used [0x00000000dd500000,0x00000000dd500000,0x00000000dde80000)
 ParOldGen       total 45568K, used 15739K [0x0000000080000000, 0x0000000082c80000, 0x00000000d5580000)
  object space 45568K, 34% used [0x0000000080000000,0x0000000080f5eca8,0x0000000082c80000)
 Metaspace       used 20622K, capacity 21224K, committed 21296K, reserved 1067008K
  class space    used 2878K, capacity 3076K, committed 3120K, reserved 1048576K
}
Event: 5.990 GC heap before
{Heap before GC invocations=8 (full 1):
 PSYoungGen      total 139776K, used 130560K [0x00000000d5580000, 0x00000000de880000, 0x0000000100000000)
  eden space 130560K, 100% used [0x00000000d5580000,0x00000000dd500000,0x00000000dd500000)
  from space 9216K, 0% used [0x00000000dde80000,0x00000000dde80000,0x00000000de780000)
  to   space 9728K, 0% used [0x00000000dd500000,0x00000000dd500000,0x00000000dde80000)
 ParOldGen       total 45568K, used 15739K [0x0000000080000000, 0x0000000082c80000, 0x00000000d5580000)
  object space 45568K, 34% used [0x0000000080000000,0x0000000080f5eca8,0x0000000082c80000)
 Metaspace       used 32834K, capacity 33860K, committed 33968K, reserved 1079296K
  class space    used 4476K, capacity 4750K, committed 4784K, reserved 1048576K
Event: 6.013 GC heap after
Heap after GC invocations=8 (full 1):
 PSYoungGen      total 140288K, used 9721K [0x00000000d5580000, 0x00000000de880000, 0x0000000100000000)
  eden space 130560K, 0% used [0x00000000d5580000,0x00000000d5580000,0x00000000dd500000)
  from space 9728K, 99% used [0x00000000dd500000,0x00000000dde7e408,0x00000000dde80000)
  to   space 9216K, 0% used [0x00000000dde80000,0x00000000dde80000,0x00000000de780000)
 ParOldGen       total 45568K, used 20247K [0x0000000080000000, 0x0000000082c80000, 0x00000000d5580000)
  object space 45568K, 44% used [0x0000000080000000,0x00000000813c5d78,0x0000000082c80000)
 Metaspace       used 32834K, capacity 33860K, committed 33968K, reserved 1079296K
  class space    used 4476K, capacity 4750K, committed 4784K, reserved 1048576K
}
Event: 6.334 GC heap before
{Heap before GC invocations=9 (full 1):
 PSYoungGen      total 140288K, used 37817K [0x00000000d5580000, 0x00000000de880000, 0x0000000100000000)
  eden space 130560K, 21% used [0x00000000d5580000,0x00000000d70f0008,0x00000000dd500000)
  from space 9728K, 99% used [0x00000000dd500000,0x00000000dde7e408,0x00000000dde80000)
  to   space 9216K, 0% used [0x00000000dde80000,0x00000000dde80000,0x00000000de780000)
 ParOldGen       total 45568K, used 20247K [0x0000000080000000, 0x0000000082c80000, 0x00000000d5580000)
  object space 45568K, 44% used [0x0000000080000000,0x00000000813c5d78,0x0000000082c80000)
 Metaspace       used 34265K, capacity 35412K, committed 35496K, reserved 1079296K
  class space    used 4707K, capacity 5001K, committed 5040K, reserved 1048576K
Event: 6.354 GC heap after
Heap after GC invocations=9 (full 1):
 PSYoungGen      total 139776K, used 7910K [0x00000000d5580000, 0x00000000de880000, 0x0000000100000000)
  eden space 130560K, 0% used [0x00000000d5580000,0x00000000d5580000,0x00000000dd500000)
  from space 9216K, 85% used [0x00000000dde80000,0x00000000de639b28,0x00000000de780000)
  to   space 9728K, 0% used [0x00000000dd500000,0x00000000dd500000,0x00000000dde80000)
 ParOldGen       total 45568K, used 20255K [0x0000000080000000, 0x0000000082c80000, 0x00000000d5580000)
  object space 45568K, 44% used [0x0000000080000000,0x00000000813c7d78,0x0000000082c80000)
 Metaspace       used 34265K, capacity 35412K, committed 35496K, reserved 1079296K
  class space    used 4707K, capacity 5001K, committed 5040K, reserved 1048576K
}
Event: 6.354 GC heap before
{Heap before GC invocations=10 (full 2):
 PSYoungGen      total 139776K, used 7910K [0x00000000d5580000, 0x00000000de880000, 0x0000000100000000)
  eden space 130560K, 0% used [0x00000000d5580000,0x00000000d5580000,0x00000000dd500000)
  from space 9216K, 85% used [0x00000000dde80000,0x00000000de639b28,0x00000000de780000)
  to   space 9728K, 0% used [0x00000000dd500000,0x00000000dd500000,0x00000000dde80000)
 ParOldGen       total 45568K, used 20255K [0x0000000080000000, 0x0000000082c80000, 0x00000000d5580000)
  object space 45568K, 44% used [0x0000000080000000,0x00000000813c7d78,0x0000000082c80000)
 Metaspace       used 34265K, capacity 35412K, committed 35496K, reserved 1079296K
  class space    used 4707K, capacity 5001K, committed 5040K, reserved 1048576K
Event: 6.465 GC heap after
Heap after GC invocations=10 (full 2):
 PSYoungGen      total 139776K, used 0K [0x00000000d5580000, 0x00000000de880000, 0x0000000100000000)
  eden space 130560K, 0% used [0x00000000d5580000,0x00000000d5580000,0x00000000dd500000)
  from space 9216K, 0% used [0x00000000dde80000,0x00000000dde80000,0x00000000de780000)
  to   space 9728K, 0% used [0x00000000dd500000,0x00000000dd500000,0x00000000dde80000)
 ParOldGen       total 45568K, used 14456K [0x0000000080000000, 0x0000000082c80000, 0x00000000d5580000)
  object space 45568K, 31% used [0x0000000080000000,0x0000000080e1e1e0,0x0000000082c80000)
 Metaspace       used 34265K, capacity 35412K, committed 35496K, reserved 1079296K
  class space    used 4707K, capacity 5001K, committed 5040K, reserved 1048576K
}

