# JRE version: OpenJDK Runtime Environment (8.0_242-b01) (build 1.8.0_242-release-1644-b01)
# Java VM: OpenJDK 64-Bit Server VM (25.242-b01 mixed mode windows-amd64 compressed oops)
Heap:
 PSYoungGen      total 332288K, used 115643K [0x00000000d5580000, 0x00000000ef880000, 0x0000000100000000)
  eden space 291328K, 37% used [0x00000000d5580000,0x00000000dbef6a30,0x00000000e7200000)
  from space 40960K, 18% used [0x00000000ed080000,0x00000000ed7f82b8,0x00000000ef880000)
  to   space 43520K, 0% used [0x00000000e7200000,0x00000000e7200000,0x00000000e9c80000)
 ParOldGen       total 97280K, used 97057K [0x0000000080000000, 0x0000000085f00000, 0x00000000d5580000)
  object space 97280K, 99% used [0x0000000080000000,0x0000000085ec8410,0x0000000085f00000)
 Metaspace       used 88133K, capacity 92522K, committed 93080K, reserved 1130496K
  class space    used 11814K, capacity 12641K, committed 12720K, reserved 1048576K
GC Heap History (10 events):
Event: 13.033 GC heap before
{Heap before GC invocations=14 (full 3):
 PSYoungGen      total 273920K, used 255998K [0x00000000d5580000, 0x00000000e8280000, 0x0000000100000000)
  eden space 256000K, 99% used [0x00000000d5580000,0x00000000e4f7fa38,0x00000000e4f80000)
  from space 17920K, 0% used [0x00000000e6680000,0x00000000e6680000,0x00000000e7800000)
  to   space 23552K, 0% used [0x00000000e4f80000,0x00000000e4f80000,0x00000000e6680000)
 ParOldGen       total 95232K, used 36715K [0x0000000080000000, 0x0000000085d00000, 0x00000000d5580000)
  object space 95232K, 38% used [0x0000000080000000,0x00000000823dade0,0x0000000085d00000)
 Metaspace       used 69891K, capacity 73082K, committed 73240K, reserved 1112064K
  class space    used 9567K, capacity 10181K, committed 10288K, reserved 1048576K
Event: 13.071 GC heap after
Heap after GC invocations=14 (full 3):
 PSYoungGen      total 279552K, used 23550K [0x00000000d5580000, 0x00000000eb780000, 0x0000000100000000)
  eden space 256000K, 0% used [0x00000000d5580000,0x00000000d5580000,0x00000000e4f80000)
  from space 23552K, 99% used [0x00000000e4f80000,0x00000000e667f8a0,0x00000000e6680000)
  to   space 27648K, 0% used [0x00000000e9c80000,0x00000000e9c80000,0x00000000eb780000)
 ParOldGen       total 95232K, used 37888K [0x0000000080000000, 0x0000000085d00000, 0x00000000d5580000)
  object space 95232K, 39% used [0x0000000080000000,0x00000000825001c0,0x0000000085d00000)
 Metaspace       used 69891K, capacity 73082K, committed 73240K, reserved 1112064K
  class space    used 9567K, capacity 10181K, committed 10288K, reserved 1048576K
}
Event: 14.934 GC heap before
{Heap before GC invocations=15 (full 3):
 PSYoungGen      total 279552K, used 279536K [0x00000000d5580000, 0x00000000eb780000, 0x0000000100000000)
  eden space 256000K, 99% used [0x00000000d5580000,0x00000000e4f7c9b0,0x00000000e4f80000)
  from space 23552K, 99% used [0x00000000e4f80000,0x00000000e667f8a0,0x00000000e6680000)
  to   space 27648K, 0% used [0x00000000e9c80000,0x00000000e9c80000,0x00000000eb780000)
 ParOldGen       total 95232K, used 37888K [0x0000000080000000, 0x0000000085d00000, 0x00000000d5580000)
  object space 95232K, 39% used [0x0000000080000000,0x00000000825001c0,0x0000000085d00000)
 Metaspace       used 78939K, capacity 83128K, committed 83480K, reserved 1120256K
  class space    used 10931K, capacity 11724K, committed 11824K, reserved 1048576K
Event: 14.996 GC heap after
Heap after GC invocations=15 (full 3):
 PSYoungGen      total 318976K, used 27645K [0x00000000d5580000, 0x00000000edd80000, 0x0000000100000000)
  eden space 291328K, 0% used [0x00000000d5580000,0x00000000d5580000,0x00000000e7200000)
  from space 27648K, 99% used [0x00000000e9c80000,0x00000000eb77f7c0,0x00000000eb780000)
  to   space 43520K, 0% used [0x00000000e7200000,0x00000000e7200000,0x00000000e9c80000)
 ParOldGen       total 95232K, used 69315K [0x0000000080000000, 0x0000000085d00000, 0x00000000d5580000)
  object space 95232K, 72% used [0x0000000080000000,0x00000000843b0ea0,0x0000000085d00000)
 Metaspace       used 78939K, capacity 83128K, committed 83480K, reserved 1120256K
  class space    used 10931K, capacity 11724K, committed 11824K, reserved 1048576K
}
Event: 80.503 GC heap before
{Heap before GC invocations=16 (full 3):
 PSYoungGen      total 318976K, used 318973K [0x00000000d5580000, 0x00000000edd80000, 0x0000000100000000)
  eden space 291328K, 100% used [0x00000000d5580000,0x00000000e7200000,0x00000000e7200000)
  from space 27648K, 99% used [0x00000000e9c80000,0x00000000eb77f7c0,0x00000000eb780000)
  to   space 43520K, 0% used [0x00000000e7200000,0x00000000e7200000,0x00000000e9c80000)
 ParOldGen       total 95232K, used 69315K [0x0000000080000000, 0x0000000085d00000, 0x00000000d5580000)
  object space 95232K, 72% used [0x0000000080000000,0x00000000843b0ea0,0x0000000085d00000)
 Metaspace       used 87292K, capacity 91706K, committed 91800K, reserved 1128448K
  class space    used 11827K, capacity 12671K, committed 12720K, reserved 1048576K
Event: 80.539 GC heap after
Heap after GC invocations=16 (full 3):
 PSYoungGen      total 334848K, used 15153K [0x00000000d5580000, 0x00000000ef880000, 0x0000000100000000)
  eden space 291328K, 0% used [0x00000000d5580000,0x00000000d5580000,0x00000000e7200000)
  from space 43520K, 34% used [0x00000000e7200000,0x00000000e80cc630,0x00000000e9c80000)
  to   space 40960K, 0% used [0x00000000ed080000,0x00000000ed080000,0x00000000ef880000)
 ParOldGen       total 95232K, used 76542K [0x0000000080000000, 0x0000000085d00000, 0x00000000d5580000)
  object space 95232K, 80% used [0x0000000080000000,0x0000000084abfa28,0x0000000085d00000)
 Metaspace       used 87292K, capacity 91706K, committed 91800K, reserved 1128448K
  class space    used 11827K, capacity 12671K, committed 12720K, reserved 1048576K
}
Event: 84.081 GC heap before
{Heap before GC invocations=17 (full 3):
 PSYoungGen      total 334848K, used 306481K [0x00000000d5580000, 0x00000000ef880000, 0x0000000100000000)
  eden space 291328K, 100% used [0x00000000d5580000,0x00000000e7200000,0x00000000e7200000)
  from space 43520K, 34% used [0x00000000e7200000,0x00000000e80cc630,0x00000000e9c80000)
  to   space 40960K, 0% used [0x00000000ed080000,0x00000000ed080000,0x00000000ef880000)
 ParOldGen       total 95232K, used 76542K [0x0000000080000000, 0x0000000085d00000, 0x00000000d5580000)
  object space 95232K, 80% used [0x0000000080000000,0x0000000084abfa28,0x0000000085d00000)
 Metaspace       used 88204K, capacity 92760K, committed 93080K, reserved 1130496K
  class space    used 11840K, capacity 12690K, committed 12720K, reserved 1048576K
Event: 84.231 GC heap after
Heap after GC invocations=17 (full 3):
 PSYoungGen      total 332288K, used 40943K [0x00000000d5580000, 0x00000000ef880000, 0x0000000100000000)
  eden space 291328K, 0% used [0x00000000d5580000,0x00000000d5580000,0x00000000e7200000)
  from space 40960K, 99% used [0x00000000ed080000,0x00000000ef87bc28,0x00000000ef880000)
  to   space 43520K, 0% used [0x00000000e7200000,0x00000000e7200000,0x00000000e9c80000)
 ParOldGen       total 97280K, used 97167K [0x0000000080000000, 0x0000000085f00000, 0x00000000d5580000)
  object space 97280K, 99% used [0x0000000080000000,0x0000000085ee3ef0,0x0000000085f00000)
 Metaspace       used 88204K, capacity 92760K, committed 93080K, reserved 1130496K
  class space    used 11840K, capacity 12690K, committed 12720K, reserved 1048576K
}
Event: 84.231 GC heap before
{Heap before GC invocations=18 (full 4):
 PSYoungGen      total 332288K, used 40943K [0x00000000d5580000, 0x00000000ef880000, 0x0000000100000000)
  eden space 291328K, 0% used [0x00000000d5580000,0x00000000d5580000,0x00000000e7200000)
  from space 40960K, 99% used [0x00000000ed080000,0x00000000ef87bc28,0x00000000ef880000)
  to   space 43520K, 0% used [0x00000000e7200000,0x00000000e7200000,0x00000000e9c80000)
 ParOldGen       total 97280K, used 97167K [0x0000000080000000, 0x0000000085f00000, 0x00000000d5580000)
  object space 97280K, 99% used [0x0000000080000000,0x0000000085ee3ef0,0x0000000085f00000)
 Metaspace       used 88204K, capacity 92760K, committed 93080K, reserved 1130496K
  class space    used 11840K, capacity 12690K, committed 12720K, reserved 1048576K
Event: 84.810 GC heap after
Heap after GC invocations=18 (full 4):
 PSYoungGen      total 332288K, used 7648K [0x00000000d5580000, 0x00000000ef880000, 0x0000000100000000)
  eden space 291328K, 0% used [0x00000000d5580000,0x00000000d5580000,0x00000000e7200000)
  from space 40960K, 18% used [0x00000000ed080000,0x00000000ed7f82b8,0x00000000ef880000)
  to   space 43520K, 0% used [0x00000000e7200000,0x00000000e7200000,0x00000000e9c80000)
 ParOldGen       total 97280K, used 97057K [0x0000000080000000, 0x0000000085f00000, 0x00000000d5580000)
  object space 97280K, 99% used [0x0000000080000000,0x0000000085ec8410,0x0000000085f00000)
 Metaspace       used 88116K, capacity 92504K, committed 93080K, reserved 1130496K
  class space    used 11811K, capacity 12638K, committed 12720K, reserved 1048576K
}

