# JRE version: OpenJDK Runtime Environment (8.0_242-b01) (build 1.8.0_242-release-1644-b01)
# Java VM: OpenJDK 64-Bit Server VM (25.242-b01 mixed mode windows-amd64 compressed oops)
Heap:
 PSYoungGen      total 363520K, used 234707K [0x00000000d5580000, 0x00000000ee100000, 0x0000000100000000)
  eden space 325120K, 72% used [0x00000000d5580000,0x00000000e3ab4cd8,0x00000000e9300000)
  from space 38400K, 0% used [0x00000000ebb80000,0x00000000ebb80000,0x00000000ee100000)
  to   space 39936K, 0% used [0x00000000e9300000,0x00000000e9300000,0x00000000eba00000)
 ParOldGen       total 86528K, used 78618K [0x0000000080000000, 0x0000000085480000, 0x00000000d5580000)
  object space 86528K, 90% used [0x0000000080000000,0x0000000084cc69c0,0x0000000085480000)
 Metaspace       used 88819K, capacity 93474K, committed 93592K, reserved 1130496K
  class space    used 11858K, capacity 12719K, committed 12720K, reserved 1048576K
GC Heap History (10 events):
Event: 14.892 GC heap before
{Heap before GC invocations=16 (full 3):
 PSYoungGen      total 248832K, used 233472K [0x00000000d5580000, 0x00000000e6780000, 0x0000000100000000)
  eden space 233472K, 100% used [0x00000000d5580000,0x00000000e3980000,0x00000000e3980000)
  from space 15360K, 0% used [0x00000000e4e80000,0x00000000e4e80000,0x00000000e5d80000)
  to   space 21504K, 0% used [0x00000000e3980000,0x00000000e3980000,0x00000000e4e80000)
 ParOldGen       total 86528K, used 36757K [0x0000000080000000, 0x0000000085480000, 0x00000000d5580000)
  object space 86528K, 42% used [0x0000000080000000,0x00000000823e5608,0x0000000085480000)
 Metaspace       used 64100K, capacity 67162K, committed 67224K, reserved 1107968K
  class space    used 8798K, capacity 9388K, committed 9392K, reserved 1048576K
Event: 14.920 GC heap after
Heap after GC invocations=16 (full 3):
 PSYoungGen      total 254976K, used 19367K [0x00000000d5580000, 0x00000000e9900000, 0x0000000100000000)
  eden space 233472K, 0% used [0x00000000d5580000,0x00000000d5580000,0x00000000e3980000)
  from space 21504K, 90% used [0x00000000e3980000,0x00000000e4c69d20,0x00000000e4e80000)
  to   space 24064K, 0% used [0x00000000e8180000,0x00000000e8180000,0x00000000e9900000)
 ParOldGen       total 86528K, used 36765K [0x0000000080000000, 0x0000000085480000, 0x00000000d5580000)
  object space 86528K, 42% used [0x0000000080000000,0x00000000823e7608,0x0000000085480000)
 Metaspace       used 64100K, capacity 67162K, committed 67224K, reserved 1107968K
  class space    used 8798K, capacity 9388K, committed 9392K, reserved 1048576K
}
Event: 71.350 GC heap before
{Heap before GC invocations=17 (full 3):
 PSYoungGen      total 254976K, used 252839K [0x00000000d5580000, 0x00000000e9900000, 0x0000000100000000)
  eden space 233472K, 100% used [0x00000000d5580000,0x00000000e3980000,0x00000000e3980000)
  from space 21504K, 90% used [0x00000000e3980000,0x00000000e4c69d20,0x00000000e4e80000)
  to   space 24064K, 0% used [0x00000000e8180000,0x00000000e8180000,0x00000000e9900000)
 ParOldGen       total 86528K, used 36765K [0x0000000080000000, 0x0000000085480000, 0x00000000d5580000)
  object space 86528K, 42% used [0x0000000080000000,0x00000000823e7608,0x0000000085480000)
 Metaspace       used 68203K, capacity 71478K, committed 71704K, reserved 1112064K
  class space    used 9049K, capacity 9670K, committed 9776K, reserved 1048576K
Event: 71.380 GC heap after
Heap after GC invocations=17 (full 3):
 PSYoungGen      total 296960K, used 21281K [0x00000000d5580000, 0x00000000e9700000, 0x0000000100000000)
  eden space 274944K, 0% used [0x00000000d5580000,0x00000000d5580000,0x00000000e6200000)
  from space 22016K, 96% used [0x00000000e8180000,0x00000000e96486d8,0x00000000e9700000)
  to   space 27136K, 0% used [0x00000000e6200000,0x00000000e6200000,0x00000000e7c80000)
 ParOldGen       total 86528K, used 36773K [0x0000000080000000, 0x0000000085480000, 0x00000000d5580000)
  object space 86528K, 42% used [0x0000000080000000,0x00000000823e9608,0x0000000085480000)
 Metaspace       used 68203K, capacity 71478K, committed 71704K, reserved 1112064K
  class space    used 9049K, capacity 9670K, committed 9776K, reserved 1048576K
}
Event: 74.389 GC heap before
{Heap before GC invocations=18 (full 3):
 PSYoungGen      total 296960K, used 296225K [0x00000000d5580000, 0x00000000e9700000, 0x0000000100000000)
  eden space 274944K, 100% used [0x00000000d5580000,0x00000000e6200000,0x00000000e6200000)
  from space 22016K, 96% used [0x00000000e8180000,0x00000000e96486d8,0x00000000e9700000)
  to   space 27136K, 0% used [0x00000000e6200000,0x00000000e6200000,0x00000000e7c80000)
 ParOldGen       total 86528K, used 36773K [0x0000000080000000, 0x0000000085480000, 0x00000000d5580000)
  object space 86528K, 42% used [0x0000000080000000,0x00000000823e9608,0x0000000085480000)
 Metaspace       used 81779K, capacity 85918K, committed 86040K, reserved 1124352K
  class space    used 10993K, capacity 11809K, committed 11824K, reserved 1048576K
Event: 74.455 GC heap after
Heap after GC invocations=18 (full 3):
 PSYoungGen      total 302080K, used 27122K [0x00000000d5580000, 0x00000000ee380000, 0x0000000100000000)
  eden space 274944K, 0% used [0x00000000d5580000,0x00000000d5580000,0x00000000e6200000)
  from space 27136K, 99% used [0x00000000e6200000,0x00000000e7c7c8f0,0x00000000e7c80000)
  to   space 40960K, 0% used [0x00000000ebb80000,0x00000000ebb80000,0x00000000ee380000)
 ParOldGen       total 86528K, used 62962K [0x0000000080000000, 0x0000000085480000, 0x00000000d5580000)
  object space 86528K, 72% used [0x0000000080000000,0x0000000083d7c998,0x0000000085480000)
 Metaspace       used 81779K, capacity 85918K, committed 86040K, reserved 1124352K
  class space    used 10993K, capacity 11809K, committed 11824K, reserved 1048576K
}
Event: 77.708 GC heap before
{Heap before GC invocations=19 (full 3):
 PSYoungGen      total 302080K, used 302066K [0x00000000d5580000, 0x00000000ee380000, 0x0000000100000000)
  eden space 274944K, 100% used [0x00000000d5580000,0x00000000e6200000,0x00000000e6200000)
  from space 27136K, 99% used [0x00000000e6200000,0x00000000e7c7c8f0,0x00000000e7c80000)
  to   space 40960K, 0% used [0x00000000ebb80000,0x00000000ebb80000,0x00000000ee380000)
 ParOldGen       total 86528K, used 62962K [0x0000000080000000, 0x0000000085480000, 0x00000000d5580000)
  object space 86528K, 72% used [0x0000000080000000,0x0000000083d7c998,0x0000000085480000)
 Metaspace       used 86751K, capacity 91266K, committed 91416K, reserved 1128448K
  class space    used 11664K, capacity 12487K, committed 12592K, reserved 1048576K
Event: 77.762 GC heap after
Heap after GC invocations=19 (full 3):
 PSYoungGen      total 363520K, used 18360K [0x00000000d5580000, 0x00000000ee100000, 0x0000000100000000)
  eden space 325120K, 0% used [0x00000000d5580000,0x00000000d5580000,0x00000000e9300000)
  from space 38400K, 47% used [0x00000000ebb80000,0x00000000ecd6e168,0x00000000ee100000)
  to   space 39936K, 0% used [0x00000000e9300000,0x00000000e9300000,0x00000000eba00000)
 ParOldGen       total 86528K, used 77503K [0x0000000080000000, 0x0000000085480000, 0x00000000d5580000)
  object space 86528K, 89% used [0x0000000080000000,0x0000000084bafd38,0x0000000085480000)
 Metaspace       used 86751K, capacity 91266K, committed 91416K, reserved 1128448K
  class space    used 11664K, capacity 12487K, committed 12592K, reserved 1048576K
}
Event: 77.762 GC heap before
{Heap before GC invocations=20 (full 4):
 PSYoungGen      total 363520K, used 18360K [0x00000000d5580000, 0x00000000ee100000, 0x0000000100000000)
  eden space 325120K, 0% used [0x00000000d5580000,0x00000000d5580000,0x00000000e9300000)
  from space 38400K, 47% used [0x00000000ebb80000,0x00000000ecd6e168,0x00000000ee100000)
  to   space 39936K, 0% used [0x00000000e9300000,0x00000000e9300000,0x00000000eba00000)
 ParOldGen       total 86528K, used 77503K [0x0000000080000000, 0x0000000085480000, 0x00000000d5580000)
  object space 86528K, 89% used [0x0000000080000000,0x0000000084bafd38,0x0000000085480000)
 Metaspace       used 86751K, capacity 91266K, committed 91416K, reserved 1128448K
  class space    used 11664K, capacity 12487K, committed 12592K, reserved 1048576K
Event: 78.074 GC heap after
Heap after GC invocations=20 (full 4):
 PSYoungGen      total 363520K, used 0K [0x00000000d5580000, 0x00000000ee100000, 0x0000000100000000)
  eden space 325120K, 0% used [0x00000000d5580000,0x00000000d5580000,0x00000000e9300000)
  from space 38400K, 0% used [0x00000000ebb80000,0x00000000ebb80000,0x00000000ee100000)
  to   space 39936K, 0% used [0x00000000e9300000,0x00000000e9300000,0x00000000eba00000)
 ParOldGen       total 86528K, used 78618K [0x0000000080000000, 0x0000000085480000, 0x00000000d5580000)
  object space 86528K, 90% used [0x0000000080000000,0x0000000084cc69c0,0x0000000085480000)
 Metaspace       used 86629K, capacity 90920K, committed 91416K, reserved 1128448K
  class space    used 11624K, capacity 12416K, committed 12592K, reserved 1048576K
}

