# JRE version: OpenJDK Runtime Environment (8.0_242-b01) (build 1.8.0_242-release-1644-b01)
# Java VM: OpenJDK 64-Bit Server VM (25.242-b01 mixed mode windows-amd64 compressed oops)
Heap:
 PSYoungGen      total 316928K, used 53441K [0x00000000d5580000, 0x00000000ee900000, 0x0000000100000000)
  eden space 289792K, 16% used [0x00000000d5580000,0x00000000d845a0e8,0x00000000e7080000)
  from space 27136K, 20% used [0x00000000e9580000,0x00000000e9ad6328,0x00000000eb000000)
  to   space 37888K, 0% used [0x00000000e7080000,0x00000000e7080000,0x00000000e9580000)
 ParOldGen       total 96768K, used 70920K [0x0000000080000000, 0x0000000085e80000, 0x00000000d5580000)
  object space 96768K, 73% used [0x0000000080000000,0x0000000084542340,0x0000000085e80000)
 Metaspace       used 88488K, capacity 93216K, committed 93464K, reserved 1130496K
  class space    used 11875K, capacity 12754K, committed 12848K, reserved 1048576K
GC Heap History (10 events):
Event: 9.545 GC heap before
{Heap before GC invocations=13 (full 3):
 PSYoungGen      total 264704K, used 17407K [0x00000000d5580000, 0x00000000e7a00000, 0x0000000100000000)
  eden space 247296K, 0% used [0x00000000d5580000,0x00000000d5580000,0x00000000e4700000)
  from space 17408K, 99% used [0x00000000e5d80000,0x00000000e6e7fc20,0x00000000e6e80000)
  to   space 23040K, 0% used [0x00000000e4700000,0x00000000e4700000,0x00000000e5d80000)
 ParOldGen       total 58880K, used 26276K [0x0000000080000000, 0x0000000083980000, 0x00000000d5580000)
  object space 58880K, 44% used [0x0000000080000000,0x00000000819a9270,0x0000000083980000)
 Metaspace       used 56807K, capacity 59106K, committed 59160K, reserved 1099776K
  class space    used 7767K, capacity 8232K, committed 8240K, reserved 1048576K
Event: 9.769 GC heap after
Heap after GC invocations=13 (full 3):
 PSYoungGen      total 264704K, used 0K [0x00000000d5580000, 0x00000000e7a00000, 0x0000000100000000)
  eden space 247296K, 0% used [0x00000000d5580000,0x00000000d5580000,0x00000000e4700000)
  from space 17408K, 0% used [0x00000000e5d80000,0x00000000e5d80000,0x00000000e6e80000)
  to   space 23040K, 0% used [0x00000000e4700000,0x00000000e4700000,0x00000000e5d80000)
 ParOldGen       total 96768K, used 36716K [0x0000000080000000, 0x0000000085e80000, 0x00000000d5580000)
  object space 96768K, 37% used [0x0000000080000000,0x00000000823db178,0x0000000085e80000)
 Metaspace       used 56794K, capacity 59064K, committed 59160K, reserved 1099776K
  class space    used 7763K, capacity 8225K, committed 8240K, reserved 1048576K
}
Event: 13.505 GC heap before
{Heap before GC invocations=14 (full 3):
 PSYoungGen      total 264704K, used 247296K [0x00000000d5580000, 0x00000000e7a00000, 0x0000000100000000)
  eden space 247296K, 100% used [0x00000000d5580000,0x00000000e4700000,0x00000000e4700000)
  from space 17408K, 0% used [0x00000000e5d80000,0x00000000e5d80000,0x00000000e6e80000)
  to   space 23040K, 0% used [0x00000000e4700000,0x00000000e4700000,0x00000000e5d80000)
 ParOldGen       total 96768K, used 36716K [0x0000000080000000, 0x0000000085e80000, 0x00000000d5580000)
  object space 96768K, 37% used [0x0000000080000000,0x00000000823db178,0x0000000085e80000)
 Metaspace       used 69908K, capacity 73146K, committed 73240K, reserved 1112064K
  class space    used 9576K, capacity 10201K, committed 10288K, reserved 1048576K
Event: 13.538 GC heap after
Heap after GC invocations=14 (full 3):
 PSYoungGen      total 270336K, used 23036K [0x00000000d5580000, 0x00000000eb000000, 0x0000000100000000)
  eden space 247296K, 0% used [0x00000000d5580000,0x00000000d5580000,0x00000000e4700000)
  from space 23040K, 99% used [0x00000000e4700000,0x00000000e5d7f140,0x00000000e5d80000)
  to   space 27136K, 0% used [0x00000000e9580000,0x00000000e9580000,0x00000000eb000000)
 ParOldGen       total 96768K, used 37608K [0x0000000080000000, 0x0000000085e80000, 0x00000000d5580000)
  object space 96768K, 38% used [0x0000000080000000,0x00000000824ba040,0x0000000085e80000)
 Metaspace       used 69908K, capacity 73146K, committed 73240K, reserved 1112064K
  class space    used 9576K, capacity 10201K, committed 10288K, reserved 1048576K
}
Event: 15.421 GC heap before
{Heap before GC invocations=15 (full 3):
 PSYoungGen      total 270336K, used 270121K [0x00000000d5580000, 0x00000000eb000000, 0x0000000100000000)
  eden space 247296K, 99% used [0x00000000d5580000,0x00000000e46cb610,0x00000000e4700000)
  from space 23040K, 99% used [0x00000000e4700000,0x00000000e5d7f140,0x00000000e5d80000)
  to   space 27136K, 0% used [0x00000000e9580000,0x00000000e9580000,0x00000000eb000000)
 ParOldGen       total 96768K, used 37608K [0x0000000080000000, 0x0000000085e80000, 0x00000000d5580000)
  object space 96768K, 38% used [0x0000000080000000,0x00000000824ba040,0x0000000085e80000)
 Metaspace       used 78869K, capacity 83100K, committed 83224K, reserved 1120256K
  class space    used 10934K, capacity 11742K, committed 11824K, reserved 1048576K
Event: 15.493 GC heap after
Heap after GC invocations=15 (full 3):
 PSYoungGen      total 313856K, used 27112K [0x00000000d5580000, 0x00000000ed100000, 0x0000000100000000)
  eden space 286720K, 0% used [0x00000000d5580000,0x00000000d5580000,0x00000000e6d80000)
  from space 27136K, 99% used [0x00000000e9580000,0x00000000eaffa3e0,0x00000000eb000000)
  to   space 40960K, 0% used [0x00000000e6d80000,0x00000000e6d80000,0x00000000e9580000)
 ParOldGen       total 96768K, used 63001K [0x0000000080000000, 0x0000000085e80000, 0x00000000d5580000)
  object space 96768K, 65% used [0x0000000080000000,0x0000000083d86558,0x0000000085e80000)
 Metaspace       used 78869K, capacity 83100K, committed 83224K, reserved 1120256K
  class space    used 10934K, capacity 11742K, committed 11824K, reserved 1048576K
}
Event: 18.649 GC heap before
{Heap before GC invocations=16 (full 3):
 PSYoungGen      total 313856K, used 313832K [0x00000000d5580000, 0x00000000ed100000, 0x0000000100000000)
  eden space 286720K, 100% used [0x00000000d5580000,0x00000000e6d80000,0x00000000e6d80000)
  from space 27136K, 99% used [0x00000000e9580000,0x00000000eaffa3e0,0x00000000eb000000)
  to   space 40960K, 0% used [0x00000000e6d80000,0x00000000e6d80000,0x00000000e9580000)
 ParOldGen       total 96768K, used 63001K [0x0000000080000000, 0x0000000085e80000, 0x00000000d5580000)
  object space 96768K, 65% used [0x0000000080000000,0x0000000083d86558,0x0000000085e80000)
 Metaspace       used 85396K, capacity 89832K, committed 89880K, reserved 1126400K
  class space    used 11713K, capacity 12554K, committed 12592K, reserved 1048576K
Event: 18.677 GC heap after
Heap after GC invocations=16 (full 3):
 PSYoungGen      total 327680K, used 12445K [0x00000000d5580000, 0x00000000ed100000, 0x0000000100000000)
  eden space 286720K, 0% used [0x00000000d5580000,0x00000000d5580000,0x00000000e6d80000)
  from space 40960K, 30% used [0x00000000e6d80000,0x00000000e79a7430,0x00000000e9580000)
  to   space 27136K, 0% used [0x00000000e9580000,0x00000000e9580000,0x00000000eb000000)
 ParOldGen       total 96768K, used 70912K [0x0000000080000000, 0x0000000085e80000, 0x00000000d5580000)
  object space 96768K, 73% used [0x0000000080000000,0x0000000084540340,0x0000000085e80000)
 Metaspace       used 85396K, capacity 89832K, committed 89880K, reserved 1126400K
  class space    used 11713K, capacity 12554K, committed 12592K, reserved 1048576K
}
Event: 56.666 GC heap before
{Heap before GC invocations=17 (full 3):
 PSYoungGen      total 327680K, used 299165K [0x00000000d5580000, 0x00000000ed100000, 0x0000000100000000)
  eden space 286720K, 100% used [0x00000000d5580000,0x00000000e6d80000,0x00000000e6d80000)
  from space 40960K, 30% used [0x00000000e6d80000,0x00000000e79a7430,0x00000000e9580000)
  to   space 27136K, 0% used [0x00000000e9580000,0x00000000e9580000,0x00000000eb000000)
 ParOldGen       total 96768K, used 70912K [0x0000000080000000, 0x0000000085e80000, 0x00000000d5580000)
  object space 96768K, 73% used [0x0000000080000000,0x0000000084540340,0x0000000085e80000)
 Metaspace       used 88361K, capacity 92968K, committed 93208K, reserved 1130496K
  class space    used 11865K, capacity 12736K, committed 12848K, reserved 1048576K
Event: 56.677 GC heap after
Heap after GC invocations=17 (full 3):
 PSYoungGen      total 316928K, used 5464K [0x00000000d5580000, 0x00000000ee900000, 0x0000000100000000)
  eden space 289792K, 0% used [0x00000000d5580000,0x00000000d5580000,0x00000000e7080000)
  from space 27136K, 20% used [0x00000000e9580000,0x00000000e9ad6328,0x00000000eb000000)
  to   space 37888K, 0% used [0x00000000e7080000,0x00000000e7080000,0x00000000e9580000)
 ParOldGen       total 96768K, used 70920K [0x0000000080000000, 0x0000000085e80000, 0x00000000d5580000)
  object space 96768K, 73% used [0x0000000080000000,0x0000000084542340,0x0000000085e80000)
 Metaspace       used 88361K, capacity 92968K, committed 93208K, reserved 1130496K
  class space    used 11865K, capacity 12736K, committed 12848K, reserved 1048576K
}

