# JRE version: OpenJDK Runtime Environment (8.0_242-b01) (build 1.8.0_242-release-1644-b01)
# Java VM: OpenJDK 64-Bit Server VM (25.242-b01 mixed mode windows-amd64 compressed oops)
Heap:
 PSYoungGen      total 299008K, used 174507K [0x00000000d5580000, 0x00000000eb680000, 0x0000000100000000)
  eden space 271872K, 54% used [0x00000000d5580000,0x00000000de56b140,0x00000000e5f00000)
  from space 27136K, 99% used [0x00000000e8500000,0x00000000e9f7fbc0,0x00000000e9f80000)
  to   space 38912K, 0% used [0x00000000e5f00000,0x00000000e5f00000,0x00000000e8500000)
 ParOldGen       total 87040K, used 60370K [0x0000000080000000, 0x0000000085500000, 0x00000000d5580000)
  object space 87040K, 69% used [0x0000000080000000,0x0000000083af4a80,0x0000000085500000)
 Metaspace       used 79921K, capacity 84218K, committed 84376K, reserved 1122304K
  class space    used 11101K, capacity 11917K, committed 11952K, reserved 1048576K
GC Heap History (10 events):
Event: 9.477 GC heap before
{Heap before GC invocations=13 (full 2):
 PSYoungGen      total 195584K, used 183296K [0x00000000d5580000, 0x00000000e2600000, 0x0000000100000000)
  eden space 183296K, 100% used [0x00000000d5580000,0x00000000e0880000,0x00000000e0880000)
  from space 12288K, 0% used [0x00000000e1500000,0x00000000e1500000,0x00000000e2100000)
  to   space 12800K, 0% used [0x00000000e0880000,0x00000000e0880000,0x00000000e1500000)
 ParOldGen       total 50688K, used 14668K [0x0000000080000000, 0x0000000083180000, 0x00000000d5580000)
  object space 50688K, 28% used [0x0000000080000000,0x0000000080e531d0,0x0000000083180000)
 Metaspace       used 45485K, capacity 47276K, committed 47528K, reserved 1089536K
  class space    used 6141K, capacity 6480K, committed 6576K, reserved 1048576K
Event: 9.509 GC heap after
Heap after GC invocations=13 (full 2):
 PSYoungGen      total 196096K, used 12785K [0x00000000d5580000, 0x00000000e5e00000, 0x0000000100000000)
  eden space 183296K, 0% used [0x00000000d5580000,0x00000000d5580000,0x00000000e0880000)
  from space 12800K, 99% used [0x00000000e0880000,0x00000000e14fc7c8,0x00000000e1500000)
  to   space 16384K, 0% used [0x00000000e4e00000,0x00000000e4e00000,0x00000000e5e00000)
 ParOldGen       total 50688K, used 18833K [0x0000000080000000, 0x0000000083180000, 0x00000000d5580000)
  object space 50688K, 37% used [0x0000000080000000,0x00000000812647f8,0x0000000083180000)
 Metaspace       used 45485K, capacity 47276K, committed 47528K, reserved 1089536K
  class space    used 6141K, capacity 6480K, committed 6576K, reserved 1048576K
}
Event: 11.913 GC heap before
{Heap before GC invocations=14 (full 2):
 PSYoungGen      total 196096K, used 155239K [0x00000000d5580000, 0x00000000e5e00000, 0x0000000100000000)
  eden space 183296K, 77% used [0x00000000d5580000,0x00000000de09d488,0x00000000e0880000)
  from space 12800K, 99% used [0x00000000e0880000,0x00000000e14fc7c8,0x00000000e1500000)
  to   space 16384K, 0% used [0x00000000e4e00000,0x00000000e4e00000,0x00000000e5e00000)
 ParOldGen       total 50688K, used 18833K [0x0000000080000000, 0x0000000083180000, 0x00000000d5580000)
  object space 50688K, 37% used [0x0000000080000000,0x00000000812647f8,0x0000000083180000)
 Metaspace       used 56833K, capacity 59136K, committed 59160K, reserved 1099776K
  class space    used 7765K, capacity 8235K, committed 8240K, reserved 1048576K
Event: 11.977 GC heap after
Heap after GC invocations=14 (full 2):
 PSYoungGen      total 248832K, used 16365K [0x00000000d5580000, 0x00000000e6880000, 0x0000000100000000)
  eden space 232448K, 0% used [0x00000000d5580000,0x00000000d5580000,0x00000000e3880000)
  from space 16384K, 99% used [0x00000000e4e00000,0x00000000e5dfb4b8,0x00000000e5e00000)
  to   space 22016K, 0% used [0x00000000e3880000,0x00000000e3880000,0x00000000e4e00000)
 ParOldGen       total 50688K, used 27529K [0x0000000080000000, 0x0000000083180000, 0x00000000d5580000)
  object space 50688K, 54% used [0x0000000080000000,0x0000000081ae2450,0x0000000083180000)
 Metaspace       used 56833K, capacity 59136K, committed 59160K, reserved 1099776K
  class space    used 7765K, capacity 8235K, committed 8240K, reserved 1048576K
}
Event: 11.977 GC heap before
{Heap before GC invocations=15 (full 3):
 PSYoungGen      total 248832K, used 16365K [0x00000000d5580000, 0x00000000e6880000, 0x0000000100000000)
  eden space 232448K, 0% used [0x00000000d5580000,0x00000000d5580000,0x00000000e3880000)
  from space 16384K, 99% used [0x00000000e4e00000,0x00000000e5dfb4b8,0x00000000e5e00000)
  to   space 22016K, 0% used [0x00000000e3880000,0x00000000e3880000,0x00000000e4e00000)
 ParOldGen       total 50688K, used 27529K [0x0000000080000000, 0x0000000083180000, 0x00000000d5580000)
  object space 50688K, 54% used [0x0000000080000000,0x0000000081ae2450,0x0000000083180000)
 Metaspace       used 56833K, capacity 59136K, committed 59160K, reserved 1099776K
  class space    used 7765K, capacity 8235K, committed 8240K, reserved 1048576K
Event: 12.284 GC heap after
Heap after GC invocations=15 (full 3):
 PSYoungGen      total 248832K, used 0K [0x00000000d5580000, 0x00000000e6880000, 0x0000000100000000)
  eden space 232448K, 0% used [0x00000000d5580000,0x00000000d5580000,0x00000000e3880000)
  from space 16384K, 0% used [0x00000000e4e00000,0x00000000e4e00000,0x00000000e5e00000)
  to   space 22016K, 0% used [0x00000000e3880000,0x00000000e3880000,0x00000000e4e00000)
 ParOldGen       total 87040K, used 36759K [0x0000000080000000, 0x0000000085500000, 0x00000000d5580000)
  object space 87040K, 42% used [0x0000000080000000,0x00000000823e5dd8,0x0000000085500000)
 Metaspace       used 56815K, capacity 59076K, committed 59160K, reserved 1099776K
  class space    used 7759K, capacity 8225K, committed 8240K, reserved 1048576K
}
Event: 16.562 GC heap before
{Heap before GC invocations=16 (full 3):
 PSYoungGen      total 248832K, used 232430K [0x00000000d5580000, 0x00000000e6880000, 0x0000000100000000)
  eden space 232448K, 99% used [0x00000000d5580000,0x00000000e387ba30,0x00000000e3880000)
  from space 16384K, 0% used [0x00000000e4e00000,0x00000000e4e00000,0x00000000e5e00000)
  to   space 22016K, 0% used [0x00000000e3880000,0x00000000e3880000,0x00000000e4e00000)
 ParOldGen       total 87040K, used 36759K [0x0000000080000000, 0x0000000085500000, 0x00000000d5580000)
  object space 87040K, 42% used [0x0000000080000000,0x00000000823e5dd8,0x0000000085500000)
 Metaspace       used 69013K, capacity 72164K, committed 72344K, reserved 1112064K
  class space    used 9479K, capacity 10094K, committed 10160K, reserved 1048576K
Event: 16.598 GC heap after
Heap after GC invocations=16 (full 3):
 PSYoungGen      total 254464K, used 21997K [0x00000000d5580000, 0x00000000e9f80000, 0x0000000100000000)
  eden space 232448K, 0% used [0x00000000d5580000,0x00000000d5580000,0x00000000e3880000)
  from space 22016K, 99% used [0x00000000e3880000,0x00000000e4dfb7a8,0x00000000e4e00000)
  to   space 27136K, 0% used [0x00000000e8500000,0x00000000e8500000,0x00000000e9f80000)
 ParOldGen       total 87040K, used 41622K [0x0000000080000000, 0x0000000085500000, 0x00000000d5580000)
  object space 87040K, 47% used [0x0000000080000000,0x00000000828a5af0,0x0000000085500000)
 Metaspace       used 69013K, capacity 72164K, committed 72344K, reserved 1112064K
  class space    used 9479K, capacity 10094K, committed 10160K, reserved 1048576K
}
Event: 19.582 GC heap before
{Heap before GC invocations=17 (full 3):
 PSYoungGen      total 254464K, used 254445K [0x00000000d5580000, 0x00000000e9f80000, 0x0000000100000000)
  eden space 232448K, 100% used [0x00000000d5580000,0x00000000e3880000,0x00000000e3880000)
  from space 22016K, 99% used [0x00000000e3880000,0x00000000e4dfb7a8,0x00000000e4e00000)
  to   space 27136K, 0% used [0x00000000e8500000,0x00000000e8500000,0x00000000e9f80000)
 ParOldGen       total 87040K, used 41622K [0x0000000080000000, 0x0000000085500000, 0x00000000d5580000)
  object space 87040K, 47% used [0x0000000080000000,0x00000000828a5af0,0x0000000085500000)
 Metaspace       used 78264K, capacity 82446K, committed 82584K, reserved 1120256K
  class space    used 10863K, capacity 11677K, committed 11696K, reserved 1048576K
Event: 19.651 GC heap after
Heap after GC invocations=17 (full 3):
 PSYoungGen      total 299008K, used 27134K [0x00000000d5580000, 0x00000000eb680000, 0x0000000100000000)
  eden space 271872K, 0% used [0x00000000d5580000,0x00000000d5580000,0x00000000e5f00000)
  from space 27136K, 99% used [0x00000000e8500000,0x00000000e9f7fbc0,0x00000000e9f80000)
  to   space 38912K, 0% used [0x00000000e5f00000,0x00000000e5f00000,0x00000000e8500000)
 ParOldGen       total 87040K, used 60370K [0x0000000080000000, 0x0000000085500000, 0x00000000d5580000)
  object space 87040K, 69% used [0x0000000080000000,0x0000000083af4a80,0x0000000085500000)
 Metaspace       used 78264K, capacity 82446K, committed 82584K, reserved 1120256K
  class space    used 10863K, capacity 11677K, committed 11696K, reserved 1048576K
}

