# JRE version: OpenJDK Runtime Environment (8.0_242-b01) (build 1.8.0_242-release-1644-b01)
# Java VM: OpenJDK 64-Bit Server VM (25.242-b01 mixed mode windows-amd64 compressed oops)
Heap:
 PSYoungGen      total 140288K, used 17069K [0x00000000d5580000, 0x00000000e2080000, 0x0000000100000000)
  eden space 130560K, 5% used [0x00000000d5580000,0x00000000d5caddc0,0x00000000dd500000)
  from space 9728K, 99% used [0x00000000dd500000,0x00000000dde7d920,0x00000000dde80000)
  to   space 15360K, 0% used [0x00000000e1180000,0x00000000e1180000,0x00000000e2080000)
 ParOldGen       total 53248K, used 18302K [0x0000000080000000, 0x0000000083400000, 0x00000000d5580000)
  object space 53248K, 34% used [0x0000000080000000,0x00000000811dfbc8,0x0000000083400000)
 Metaspace       used 41924K, capacity 43780K, committed 43904K, reserved 1087488K
  class space    used 5636K, capacity 5993K, committed 6016K, reserved 1048576K
GC Heap History (10 events):
Event: 5.704 GC heap before
{Heap before GC invocations=7 (full 1):
 PSYoungGen      total 139776K, used 6881K [0x00000000d5580000, 0x00000000de880000, 0x0000000100000000)
  eden space 130560K, 0% used [0x00000000d5580000,0x00000000d5580000,0x00000000dd500000)
  from space 9216K, 74% used [0x00000000dde80000,0x00000000de538608,0x00000000de780000)
  to   space 9728K, 0% used [0x00000000dd500000,0x00000000dd500000,0x00000000dde80000)
 ParOldGen       total 44032K, used 10924K [0x0000000080000000, 0x0000000082b00000, 0x00000000d5580000)
  object space 44032K, 24% used [0x0000000080000000,0x0000000080aab300,0x0000000082b00000)
 Metaspace       used 20519K, capacity 21218K, committed 21296K, reserved 1067008K
  class space    used 2861K, capacity 3035K, committed 3072K, reserved 1048576K
Event: 5.769 GC heap after
Heap after GC invocations=7 (full 1):
 PSYoungGen      total 139776K, used 0K [0x00000000d5580000, 0x00000000de880000, 0x0000000100000000)
  eden space 130560K, 0% used [0x00000000d5580000,0x00000000d5580000,0x00000000dd500000)
  from space 9216K, 0% used [0x00000000dde80000,0x00000000dde80000,0x00000000de780000)
  to   space 9728K, 0% used [0x00000000dd500000,0x00000000dd500000,0x00000000dde80000)
 ParOldGen       total 39424K, used 9670K [0x0000000080000000, 0x0000000082680000, 0x00000000d5580000)
  object space 39424K, 24% used [0x0000000080000000,0x0000000080971850,0x0000000082680000)
 Metaspace       used 20519K, capacity 21218K, committed 21296K, reserved 1067008K
  class space    used 2861K, capacity 3035K, committed 3072K, reserved 1048576K
}
Event: 10.178 GC heap before
{Heap before GC invocations=8 (full 1):
 PSYoungGen      total 139776K, used 130560K [0x00000000d5580000, 0x00000000de880000, 0x0000000100000000)
  eden space 130560K, 100% used [0x00000000d5580000,0x00000000dd500000,0x00000000dd500000)
  from space 9216K, 0% used [0x00000000dde80000,0x00000000dde80000,0x00000000de780000)
  to   space 9728K, 0% used [0x00000000dd500000,0x00000000dd500000,0x00000000dde80000)
 ParOldGen       total 39424K, used 9670K [0x0000000080000000, 0x0000000082680000, 0x00000000d5580000)
  object space 39424K, 24% used [0x0000000080000000,0x0000000080971850,0x0000000082680000)
 Metaspace       used 32580K, capacity 33742K, committed 33920K, reserved 1079296K
  class space    used 4411K, capacity 4710K, committed 4736K, reserved 1048576K
Event: 10.368 GC heap after
Heap after GC invocations=8 (full 1):
 PSYoungGen      total 140288K, used 9714K [0x00000000d5580000, 0x00000000de880000, 0x0000000100000000)
  eden space 130560K, 0% used [0x00000000d5580000,0x00000000d5580000,0x00000000dd500000)
  from space 9728K, 99% used [0x00000000dd500000,0x00000000dde7cb58,0x00000000dde80000)
  to   space 9216K, 0% used [0x00000000dde80000,0x00000000dde80000,0x00000000de780000)
 ParOldGen       total 39424K, used 13012K [0x0000000080000000, 0x0000000082680000, 0x00000000d5580000)
  object space 39424K, 33% used [0x0000000080000000,0x0000000080cb5348,0x0000000082680000)
 Metaspace       used 32580K, capacity 33742K, committed 33920K, reserved 1079296K
  class space    used 4411K, capacity 4710K, committed 4736K, reserved 1048576K
}
Event: 10.969 GC heap before
{Heap before GC invocations=9 (full 1):
 PSYoungGen      total 140288K, used 32294K [0x00000000d5580000, 0x00000000de880000, 0x0000000100000000)
  eden space 130560K, 17% used [0x00000000d5580000,0x00000000d6b8ce78,0x00000000dd500000)
  from space 9728K, 99% used [0x00000000dd500000,0x00000000dde7cb58,0x00000000dde80000)
  to   space 9216K, 0% used [0x00000000dde80000,0x00000000dde80000,0x00000000de780000)
 ParOldGen       total 39424K, used 13012K [0x0000000080000000, 0x0000000082680000, 0x00000000d5580000)
  object space 39424K, 33% used [0x0000000080000000,0x0000000080cb5348,0x0000000082680000)
 Metaspace       used 34228K, capacity 35374K, committed 35456K, reserved 1079296K
  class space    used 4629K, capacity 4925K, committed 4992K, reserved 1048576K
Event: 10.981 GC heap after
Heap after GC invocations=9 (full 1):
 PSYoungGen      total 139776K, used 7973K [0x00000000d5580000, 0x00000000de880000, 0x0000000100000000)
  eden space 130560K, 0% used [0x00000000d5580000,0x00000000d5580000,0x00000000dd500000)
  from space 9216K, 86% used [0x00000000dde80000,0x00000000de649408,0x00000000de780000)
  to   space 9728K, 0% used [0x00000000dd500000,0x00000000dd500000,0x00000000dde80000)
 ParOldGen       total 39424K, used 13020K [0x0000000080000000, 0x0000000082680000, 0x00000000d5580000)
  object space 39424K, 33% used [0x0000000080000000,0x0000000080cb7348,0x0000000082680000)
 Metaspace       used 34228K, capacity 35374K, committed 35456K, reserved 1079296K
  class space    used 4629K, capacity 4925K, committed 4992K, reserved 1048576K
}
Event: 10.981 GC heap before
{Heap before GC invocations=10 (full 2):
 PSYoungGen      total 139776K, used 7973K [0x00000000d5580000, 0x00000000de880000, 0x0000000100000000)
  eden space 130560K, 0% used [0x00000000d5580000,0x00000000d5580000,0x00000000dd500000)
  from space 9216K, 86% used [0x00000000dde80000,0x00000000de649408,0x00000000de780000)
  to   space 9728K, 0% used [0x00000000dd500000,0x00000000dd500000,0x00000000dde80000)
 ParOldGen       total 39424K, used 13020K [0x0000000080000000, 0x0000000082680000, 0x00000000d5580000)
  object space 39424K, 33% used [0x0000000080000000,0x0000000080cb7348,0x0000000082680000)
 Metaspace       used 34228K, capacity 35374K, committed 35456K, reserved 1079296K
  class space    used 4629K, capacity 4925K, committed 4992K, reserved 1048576K
Event: 11.052 GC heap after
Heap after GC invocations=10 (full 2):
 PSYoungGen      total 139776K, used 0K [0x00000000d5580000, 0x00000000de880000, 0x0000000100000000)
  eden space 130560K, 0% used [0x00000000d5580000,0x00000000d5580000,0x00000000dd500000)
  from space 9216K, 0% used [0x00000000dde80000,0x00000000dde80000,0x00000000de780000)
  to   space 9728K, 0% used [0x00000000dd500000,0x00000000dd500000,0x00000000dde80000)
 ParOldGen       total 53248K, used 14610K [0x0000000080000000, 0x0000000083400000, 0x00000000d5580000)
  object space 53248K, 27% used [0x0000000080000000,0x0000000080e44aa8,0x0000000083400000)
 Metaspace       used 34228K, capacity 35374K, committed 35456K, reserved 1079296K
  class space    used 4629K, capacity 4925K, committed 4992K, reserved 1048576K
}
Event: 14.490 GC heap before
{Heap before GC invocations=11 (full 2):
 PSYoungGen      total 139776K, used 130560K [0x00000000d5580000, 0x00000000de880000, 0x0000000100000000)
  eden space 130560K, 100% used [0x00000000d5580000,0x00000000dd500000,0x00000000dd500000)
  from space 9216K, 0% used [0x00000000dde80000,0x00000000dde80000,0x00000000de780000)
  to   space 9728K, 0% used [0x00000000dd500000,0x00000000dd500000,0x00000000dde80000)
 ParOldGen       total 53248K, used 14610K [0x0000000080000000, 0x0000000083400000, 0x00000000d5580000)
  object space 53248K, 27% used [0x0000000080000000,0x0000000080e44aa8,0x0000000083400000)
 Metaspace       used 41636K, capacity 43304K, committed 43392K, reserved 1087488K
  class space    used 5591K, capacity 5931K, committed 6016K, reserved 1048576K
Event: 14.510 GC heap after
Heap after GC invocations=11 (full 2):
 PSYoungGen      total 140288K, used 9718K [0x00000000d5580000, 0x00000000e2080000, 0x0000000100000000)
  eden space 130560K, 0% used [0x00000000d5580000,0x00000000d5580000,0x00000000dd500000)
  from space 9728K, 99% used [0x00000000dd500000,0x00000000dde7d920,0x00000000dde80000)
  to   space 15360K, 0% used [0x00000000e1180000,0x00000000e1180000,0x00000000e2080000)
 ParOldGen       total 53248K, used 18302K [0x0000000080000000, 0x0000000083400000, 0x00000000d5580000)
  object space 53248K, 34% used [0x0000000080000000,0x00000000811dfbc8,0x0000000083400000)
 Metaspace       used 41636K, capacity 43304K, committed 43392K, reserved 1087488K
  class space    used 5591K, capacity 5931K, committed 6016K, reserved 1048576K
}

