# JRE version: OpenJDK Runtime Environment (8.0_242-b01) (build 1.8.0_242-release-1644-b01)
# Java VM: OpenJDK 64-Bit Server VM (25.242-b01 mixed mode windows-amd64 compressed oops)
Heap:
 PSYoungGen      total 346112K, used 125939K [0x00000000d5580000, 0x00000000f0780000, 0x0000000100000000)
  eden space 303616K, 41% used [0x00000000d5580000,0x00000000dd07cd58,0x00000000e7e00000)
  from space 42496K, 0% used [0x00000000e7e00000,0x00000000e7e00000,0x00000000ea780000)
  to   space 39936K, 0% used [0x00000000ee080000,0x00000000ee080000,0x00000000f0780000)
 ParOldGen       total 141824K, used 59738K [0x0000000080000000, 0x0000000088a80000, 0x00000000d5580000)
  object space 141824K, 42% used [0x0000000080000000,0x0000000083a56b98,0x0000000088a80000)
 Metaspace       used 87963K, capacity 92332K, committed 92824K, reserved 1130496K
  class space    used 11815K, capacity 12642K, committed 12720K, reserved 1048576K
GC Heap History (10 events):
Event: 10.142 GC heap before
{Heap before GC invocations=13 (full 3):
 PSYoungGen      total 278016K, used 17398K [0x00000000d5580000, 0x00000000e8680000, 0x0000000100000000)
  eden space 260608K, 0% used [0x00000000d5580000,0x00000000d5580000,0x00000000e5400000)
  from space 17408K, 99% used [0x00000000e6a00000,0x00000000e7afd8a8,0x00000000e7b00000)
  to   space 22528K, 0% used [0x00000000e5400000,0x00000000e5400000,0x00000000e6a00000)
 ParOldGen       total 56320K, used 25355K [0x0000000080000000, 0x0000000083700000, 0x00000000d5580000)
  object space 56320K, 45% used [0x0000000080000000,0x00000000818c2d20,0x0000000083700000)
 Metaspace       used 56831K, capacity 59116K, committed 59160K, reserved 1099776K
  class space    used 7766K, capacity 8233K, committed 8240K, reserved 1048576K
Event: 10.368 GC heap after
Heap after GC invocations=13 (full 3):
 PSYoungGen      total 278016K, used 0K [0x00000000d5580000, 0x00000000e8680000, 0x0000000100000000)
  eden space 260608K, 0% used [0x00000000d5580000,0x00000000d5580000,0x00000000e5400000)
  from space 17408K, 0% used [0x00000000e6a00000,0x00000000e6a00000,0x00000000e7b00000)
  to   space 22528K, 0% used [0x00000000e5400000,0x00000000e5400000,0x00000000e6a00000)
 ParOldGen       total 92672K, used 36697K [0x0000000080000000, 0x0000000085a80000, 0x00000000d5580000)
  object space 92672K, 39% used [0x0000000080000000,0x00000000823d66b8,0x0000000085a80000)
 Metaspace       used 56817K, capacity 59068K, committed 59160K, reserved 1099776K
  class space    used 7762K, capacity 8225K, committed 8240K, reserved 1048576K
}
Event: 14.485 GC heap before
{Heap before GC invocations=14 (full 3):
 PSYoungGen      total 278016K, used 260608K [0x00000000d5580000, 0x00000000e8680000, 0x0000000100000000)
  eden space 260608K, 100% used [0x00000000d5580000,0x00000000e5400000,0x00000000e5400000)
  from space 17408K, 0% used [0x00000000e6a00000,0x00000000e6a00000,0x00000000e7b00000)
  to   space 22528K, 0% used [0x00000000e5400000,0x00000000e5400000,0x00000000e6a00000)
 ParOldGen       total 92672K, used 36697K [0x0000000080000000, 0x0000000085a80000, 0x00000000d5580000)
  object space 92672K, 39% used [0x0000000080000000,0x00000000823d66b8,0x0000000085a80000)
 Metaspace       used 69855K, capacity 73204K, committed 73496K, reserved 1112064K
  class space    used 9573K, capacity 10186K, committed 10288K, reserved 1048576K
Event: 14.541 GC heap after
Heap after GC invocations=14 (full 3):
 PSYoungGen      total 283136K, used 22497K [0x00000000d5580000, 0x00000000ec200000, 0x0000000100000000)
  eden space 260608K, 0% used [0x00000000d5580000,0x00000000d5580000,0x00000000e5400000)
  from space 22528K, 99% used [0x00000000e5400000,0x00000000e69f8458,0x00000000e6a00000)
  to   space 27136K, 0% used [0x00000000ea780000,0x00000000ea780000,0x00000000ec200000)
 ParOldGen       total 92672K, used 38802K [0x0000000080000000, 0x0000000085a80000, 0x00000000d5580000)
  object space 92672K, 41% used [0x0000000080000000,0x00000000825e4930,0x0000000085a80000)
 Metaspace       used 69855K, capacity 73204K, committed 73496K, reserved 1112064K
  class space    used 9573K, capacity 10186K, committed 10288K, reserved 1048576K
}
Event: 17.092 GC heap before
{Heap before GC invocations=15 (full 3):
 PSYoungGen      total 283136K, used 283105K [0x00000000d5580000, 0x00000000ec200000, 0x0000000100000000)
  eden space 260608K, 100% used [0x00000000d5580000,0x00000000e5400000,0x00000000e5400000)
  from space 22528K, 99% used [0x00000000e5400000,0x00000000e69f8458,0x00000000e6a00000)
  to   space 27136K, 0% used [0x00000000ea780000,0x00000000ea780000,0x00000000ec200000)
 ParOldGen       total 92672K, used 38802K [0x0000000080000000, 0x0000000085a80000, 0x00000000d5580000)
  object space 92672K, 41% used [0x0000000080000000,0x00000000825e4930,0x0000000085a80000)
 Metaspace       used 79322K, capacity 83674K, committed 83992K, reserved 1122304K
  class space    used 10962K, capacity 11803K, committed 11824K, reserved 1048576K
Event: 17.168 GC heap after
Heap after GC invocations=15 (full 3):
 PSYoungGen      total 330752K, used 27125K [0x00000000d5580000, 0x00000000ee480000, 0x0000000100000000)
  eden space 303616K, 0% used [0x00000000d5580000,0x00000000d5580000,0x00000000e7e00000)
  from space 27136K, 99% used [0x00000000ea780000,0x00000000ec1fd760,0x00000000ec200000)
  to   space 42496K, 0% used [0x00000000e7e00000,0x00000000e7e00000,0x00000000ea780000)
 ParOldGen       total 92672K, used 69505K [0x0000000080000000, 0x0000000085a80000, 0x00000000d5580000)
  object space 92672K, 75% used [0x0000000080000000,0x00000000843e0580,0x0000000085a80000)
 Metaspace       used 79322K, capacity 83674K, committed 83992K, reserved 1122304K
  class space    used 10962K, capacity 11803K, committed 11824K, reserved 1048576K
}
Event: 116.940 GC heap before
{Heap before GC invocations=16 (full 3):
 PSYoungGen      total 330752K, used 330741K [0x00000000d5580000, 0x00000000ee480000, 0x0000000100000000)
  eden space 303616K, 100% used [0x00000000d5580000,0x00000000e7e00000,0x00000000e7e00000)
  from space 27136K, 99% used [0x00000000ea780000,0x00000000ec1fd760,0x00000000ec200000)
  to   space 42496K, 0% used [0x00000000e7e00000,0x00000000e7e00000,0x00000000ea780000)
 ParOldGen       total 92672K, used 69505K [0x0000000080000000, 0x0000000085a80000, 0x00000000d5580000)
  object space 92672K, 75% used [0x0000000080000000,0x00000000843e0580,0x0000000085a80000)
 Metaspace       used 87680K, capacity 92262K, committed 92312K, reserved 1128448K
  class space    used 11854K, capacity 12715K, committed 12720K, reserved 1048576K
Event: 116.973 GC heap after
Heap after GC invocations=16 (full 3):
 PSYoungGen      total 346112K, used 15164K [0x00000000d5580000, 0x00000000f0780000, 0x0000000100000000)
  eden space 303616K, 0% used [0x00000000d5580000,0x00000000d5580000,0x00000000e7e00000)
  from space 42496K, 35% used [0x00000000e7e00000,0x00000000e8ccf378,0x00000000ea780000)
  to   space 39936K, 0% used [0x00000000ee080000,0x00000000ee080000,0x00000000f0780000)
 ParOldGen       total 92672K, used 76575K [0x0000000080000000, 0x0000000085a80000, 0x00000000d5580000)
  object space 92672K, 82% used [0x0000000080000000,0x0000000084ac7ee0,0x0000000085a80000)
 Metaspace       used 87680K, capacity 92262K, committed 92312K, reserved 1128448K
  class space    used 11854K, capacity 12715K, committed 12720K, reserved 1048576K
}
Event: 116.973 GC heap before
{Heap before GC invocations=17 (full 4):
 PSYoungGen      total 346112K, used 15164K [0x00000000d5580000, 0x00000000f0780000, 0x0000000100000000)
  eden space 303616K, 0% used [0x00000000d5580000,0x00000000d5580000,0x00000000e7e00000)
  from space 42496K, 35% used [0x00000000e7e00000,0x00000000e8ccf378,0x00000000ea780000)
  to   space 39936K, 0% used [0x00000000ee080000,0x00000000ee080000,0x00000000f0780000)
 ParOldGen       total 92672K, used 76575K [0x0000000080000000, 0x0000000085a80000, 0x00000000d5580000)
  object space 92672K, 82% used [0x0000000080000000,0x0000000084ac7ee0,0x0000000085a80000)
 Metaspace       used 87680K, capacity 92262K, committed 92312K, reserved 1128448K
  class space    used 11854K, capacity 12715K, committed 12720K, reserved 1048576K
Event: 117.177 GC heap after
Heap after GC invocations=17 (full 4):
 PSYoungGen      total 346112K, used 0K [0x00000000d5580000, 0x00000000f0780000, 0x0000000100000000)
  eden space 303616K, 0% used [0x00000000d5580000,0x00000000d5580000,0x00000000e7e00000)
  from space 42496K, 0% used [0x00000000e7e00000,0x00000000e7e00000,0x00000000ea780000)
  to   space 39936K, 0% used [0x00000000ee080000,0x00000000ee080000,0x00000000f0780000)
 ParOldGen       total 141824K, used 59738K [0x0000000080000000, 0x0000000088a80000, 0x00000000d5580000)
  object space 141824K, 42% used [0x0000000080000000,0x0000000083a56b98,0x0000000088a80000)
 Metaspace       used 87525K, capacity 91824K, committed 92312K, reserved 1128448K
  class space    used 11804K, capacity 12626K, committed 12720K, reserved 1048576K
}

